#
# A fatal error has been detected by the Java Runtime Environment:
#
#  EXCEPTION_ACCESS_VIOLATION (0xc0000005) at pc=0x00007ffcc5d486d2, pid=27440, tid=21832
#
# JRE version: OpenJDK Runtime Environment Temurin-17.0.8+7 (17.0.8+7) (build 17.0.8+7)
# Java VM: OpenJDK 64-Bit Server VM Temurin-17.0.8+7 (17.0.8+7, mixed mode, sharing, tiered, compressed oops, compressed class ptrs, g1 gc, windows-amd64)
# Problematic frame:
# C  [nvd3dumx.dll+0x13b86d2]
#
# No core dump will be written. Minidumps are not enabled by default on client versions of Windows
#
# If you would like to submit a bug report, please visit:
#   https://github.com/adoptium/adoptium-support/issues
# The crash happened outside the Java Virtual Machine in native code.
# See problematic frame for where to report the bug.
#

---------------  S U M M A R Y ------------

Command Line: -Dfile.encoding=UTF-8 --module-path=D:\Practise Files\ATM Simulator\bank.management.system\build\classes bank.management.system.Transactions

Host: Intel(R) Core(TM) i7-6700HQ CPU @ 2.60GHz, 8 cores, 15G,  Windows 10 , 64 bit Build 19041 (10.0.19041.3636)
Time: Wed Feb 14 20:08:15 2024 India Standard Time elapsed time: 0.570353 seconds (0d 0h 0m 0s)

---------------  T H R E A D  ---------------

Current thread (0x0000020b1eddd6a0):  JavaThread "AWT-Windows" daemon [_thread_in_native, id=21832, stack(0x00000070a7f00000,0x00000070a8000000)]

Stack: [0x00000070a7f00000,0x00000070a8000000],  sp=0x00000070a7ffb4d0,  free space=1005k
Native frames: (J=compiled Java code, j=interpreted, Vv=VM code, C=native code)
C  [nvd3dumx.dll+0x13b86d2]

Java frames: (J=compiled Java code, j=interpreted, Vv=VM code)
j  sun.java2d.d3d.D3DGraphicsDevice.getDeviceCapsNative(I)I+0 java.desktop@17.0.8
j  sun.java2d.d3d.D3DGraphicsDevice$1.run()V+8 java.desktop@17.0.8
v  ~StubRoutines::call_stub
j  sun.awt.windows.WToolkit.eventLoop()V+0 java.desktop@17.0.8
j  sun.awt.windows.WToolkit.run()V+50 java.desktop@17.0.8
j  java.lang.Thread.run()V+11 java.base@17.0.8
v  ~StubRoutines::call_stub

siginfo: EXCEPTION_ACCESS_VIOLATION (0xc0000005), reading address 0x0000000000000004


Register to memory mapping:

RIP=0x00007ffcc5d486d2 nvd3dumx.dll
RAX=0x0 is NULL
RBX=0x0000020b64510eb8 points into unknown readable memory: 0x0000000000000000 | 00 00 00 00 00 00 00 00
RCX=0x0 is NULL
RDX=0x0000020b78dd0000 points into unknown readable memory: 0x0000000000000000 | 00 00 00 00 00 00 00 00
RSP=0x00000070a7ffb4d0 is pointing into the stack for thread: 0x0000020b1eddd6a0
RBP=0x0000020b64510b78 points into unknown readable memory: 0x0000000400000000 | 00 00 00 00 04 00 00 00
RSI=0x0 is NULL
RDI=0x00000070a7ffb5b0 is pointing into the stack for thread: 0x0000020b1eddd6a0
R8 =0x0000020b78ed1440 points into unknown readable memory: 0x0000020b78ed0cc0 | c0 0c ed 78 0b 02 00 00
R9 =0x0000000000000001 is an unknown value
R10=0x0000000000008000 is an unknown value
R11=0x00000070a7ffb010 is pointing into the stack for thread: 0x0000020b1eddd6a0
R12=0x0000020b1ee56100 points into unknown readable memory: 0x0000000000000000 | 00 00 00 00 00 00 00 00
R13=0x0000000000000001 is an unknown value
R14=0x00000070a7ffb560 is pointing into the stack for thread: 0x0000020b1eddd6a0
R15=0x0000020b1ee56178 points into unknown readable memory: 0x0000020b64440800 | 00 08 44 64 0b 02 00 00


Registers:
RAX=0x0000000000000000, RBX=0x0000020b64510eb8, RCX=0x0000000000000000, RDX=0x0000020b78dd0000
RSP=0x00000070a7ffb4d0, RBP=0x0000020b64510b78, RSI=0x0000000000000000, RDI=0x00000070a7ffb5b0
R8 =0x0000020b78ed1440, R9 =0x0000000000000001, R10=0x0000000000008000, R11=0x00000070a7ffb010
R12=0x0000020b1ee56100, R13=0x0000000000000001, R14=0x00000070a7ffb560, R15=0x0000020b1ee56178
RIP=0x00007ffcc5d486d2, EFLAGS=0x0000000000010246

Top of Stack: (sp=0x00000070a7ffb4d0)
0x00000070a7ffb4d0:   0000000000000000 006c0064002e0000
0x00000070a7ffb4e0:   0000020b64510b78 0000020b64510eb8
0x00000070a7ffb4f0:   0000020b64510b78 0065006d0061004e
0x00000070a7ffb500:   0000000000004000 0000020b1eda4d80
0x00000070a7ffb510:   0000020b6452b060 00007ffcc5d47e43
0x00000070a7ffb520:   0000020b1ea6add0 00000070a7ffb620
0x00000070a7ffb530:   0000020b64510eb8 0000020b64510eb8
0x00000070a7ffb540:   0074007380000009 00007ffcc6768930
0x00000070a7ffb550:   0000020b6450f600 00750064006f0072
0x00000070a7ffb560:   0000000000000000 0000020b1ea6add0
0x00000070a7ffb570:   0000000000000000 0000000000000000
0x00000070a7ffb580:   0000000000000000 0000000000000000
0x00000070a7ffb590:   0000000000000000 0000000000000000
0x00000070a7ffb5a0:   0000000000000000 006f0066006e0049
0x00000070a7ffb5b0:   0000000000000000 0000020b1ea6add0
0x00000070a7ffb5c0:   0000020b1ea6add0 0000000000000000 

Instructions: (pc=0x00007ffcc5d486d2)
0x00007ffcc5d485d2:   00 00 00 48 8b 8b 80 01 00 00 d0 ea 80 e2 01 48
0x00007ffcc5d485e2:   89 44 24 20 e8 55 c4 ff ff f6 83 9c 00 00 00 02
0x00007ffcc5d485f2:   74 38 8b 47 54 48 8d 0c 40 48 8b 47 58 c7 04 88
0x00007ffcc5d48602:   01 03 00 00 8b 47 54 48 8d 0c 40 48 8b 47 58 c7
0x00007ffcc5d48612:   44 88 04 01 00 00 00 8b 47 54 48 8d 0c 40 48 8b
0x00007ffcc5d48622:   47 58 c6 44 88 08 04 ff 47 54 4c 8b cf 48 89 6c
0x00007ffcc5d48632:   24 20 4c 8b c3 49 8b d6 48 8b ce e8 2e fb ff ff
0x00007ffcc5d48642:   0f b6 f0 84 c0 75 49 48 89 9f f0 04 00 00 4c 8b
0x00007ffcc5d48652:   c5 48 8b 87 e8 00 00 00 48 8b d7 49 8b ce 40 88
0x00007ffcc5d48662:   b0 e4 00 00 00 48 8b 87 e8 00 00 00 40 88 b0 e5
0x00007ffcc5d48672:   00 00 00 48 8b 87 e8 00 00 00 c7 40 48 07 00 00
0x00007ffcc5d48682:   00 e8 f8 cd ff ff 85 c0 40 0f 95 c6 85 c0 74 3c
0x00007ffcc5d48692:   48 8b 4b 30 0f b6 93 9c 00 00 00 4c 8b 8b 88 01
0x00007ffcc5d486a2:   00 00 4c 8b 83 80 01 00 00 48 8b 49 08 d0 ea 80
0x00007ffcc5d486b2:   e2 01 e8 07 c2 ff ff 48 8b 4b 10 8b 51 04 48 8b
0x00007ffcc5d486c2:   49 08 ff 15 ee 40 13 01 48 89 43 50 48 8b 43 10
0x00007ffcc5d486d2:   8b 78 04 49 8b 07 f7 80 90 01 00 00 00 00 1c 00
0x00007ffcc5d486e2:   74 79 0f b6 05 4d 8b 13 01 a8 01 74 4b a8 02 75
0x00007ffcc5d486f2:   10 48 8d 0d 26 8b 13 01 e8 11 7f f6 ff 84 c0 74
0x00007ffcc5d48702:   37 44 8b 05 26 8b 13 01 33 c0 4c 8b 0d 15 8b 13
0x00007ffcc5d48712:   01 45 85 c0 74 22 0f 1f 84 00 00 00 00 00 48 8d
0x00007ffcc5d48722:   14 40 41 81 7c d1 04 7a 8c 6a 10 49 8d 0c d1 74
0x00007ffcc5d48732:   25 ff c0 41 3b c0 72 e6 b9 00 40 00 00 81 c1 ff
0x00007ffcc5d48742:   00 00 00 8d 87 ff 00 00 00 c1 e9 08 c1 e8 08 3b
0x00007ffcc5d48752:   c8 0f 42 c1 eb 07 8b 49 10 eb e2 33 c0 48 8b 6c
0x00007ffcc5d48762:   24 58 89 83 84 02 00 00 40 0f b6 c6 48 8b 74 24
0x00007ffcc5d48772:   60 48 8b 5c 24 50 48 83 c4 30 41 5f 41 5e 5f c3
0x00007ffcc5d48782:   cc cc cc cc cc cc cc cc cc cc cc cc cc cc 8b 01
0x00007ffcc5d48792:   25 00 00 01 00 c3 cc cc cc cc cc cc cc cc c2 00
0x00007ffcc5d487a2:   00 cc cc cc cc cc cc cc cc cc cc cc cc cc 81 61
0x00007ffcc5d487b2:   34 0f ff ff ff 48 8b c1 c3 cc cc cc cc cc 81 49
0x00007ffcc5d487c2:   34 00 f0 00 00 48 8b c1 c3 cc cc cc cc cc 4c 8b 


Stack slot to memory mapping:
stack at sp + 0 slots: 0x0 is NULL
stack at sp + 1 slots: 0x006c0064002e0000 is an unknown value
stack at sp + 2 slots: 0x0000020b64510b78 points into unknown readable memory: 0x0000000400000000 | 00 00 00 00 04 00 00 00
stack at sp + 3 slots: 0x0000020b64510eb8 points into unknown readable memory: 0x0000000000000000 | 00 00 00 00 00 00 00 00
stack at sp + 4 slots: 0x0000020b64510b78 points into unknown readable memory: 0x0000000400000000 | 00 00 00 00 04 00 00 00
stack at sp + 5 slots: 0x0065006d0061004e is an unknown value
stack at sp + 6 slots: 0x0000000000004000 is an unknown value
stack at sp + 7 slots: 0x0000020b1eda4d80 points into unknown readable memory: 0x0000000000000000 | 00 00 00 00 00 00 00 00


---------------  P R O C E S S  ---------------

Threads class SMR info:
_java_thread_list=0x0000020b1eda9630, length=16, elements={
0x0000020b7af4f510, 0x0000020b7f5b1940, 0x0000020b7f5b26d0, 0x0000020b7f5c3c20,
0x0000020b7f5c46f0, 0x0000020b7f5c83f0, 0x0000020b7f5c8cc0, 0x0000020b7f5c9970,
0x0000020b7f5ce340, 0x0000020b1ea6a4a0, 0x0000020b7f59c340, 0x0000020b1ebe27a0,
0x0000020b1ed09320, 0x0000020b1edd7010, 0x0000020b1edd9fb0, 0x0000020b1eddd6a0
}

Java Threads: ( => current thread )
  0x0000020b7af4f510 JavaThread "main" [_thread_in_native, id=22420, stack(0x00000070a6900000,0x00000070a6a00000)]
  0x0000020b7f5b1940 JavaThread "Reference Handler" daemon [_thread_blocked, id=7688, stack(0x00000070a7000000,0x00000070a7100000)]
  0x0000020b7f5b26d0 JavaThread "Finalizer" daemon [_thread_blocked, id=30308, stack(0x00000070a7100000,0x00000070a7200000)]
  0x0000020b7f5c3c20 JavaThread "Signal Dispatcher" daemon [_thread_blocked, id=6684, stack(0x00000070a7200000,0x00000070a7300000)]
  0x0000020b7f5c46f0 JavaThread "Attach Listener" daemon [_thread_blocked, id=17876, stack(0x00000070a7300000,0x00000070a7400000)]
  0x0000020b7f5c83f0 JavaThread "Service Thread" daemon [_thread_blocked, id=30936, stack(0x00000070a7400000,0x00000070a7500000)]
  0x0000020b7f5c8cc0 JavaThread "Monitor Deflation Thread" daemon [_thread_blocked, id=11852, stack(0x00000070a7500000,0x00000070a7600000)]
  0x0000020b7f5c9970 JavaThread "C2 CompilerThread0" daemon [_thread_blocked, id=7608, stack(0x00000070a7600000,0x00000070a7700000)]
  0x0000020b7f5ce340 JavaThread "C1 CompilerThread0" daemon [_thread_blocked, id=17508, stack(0x00000070a7700000,0x00000070a7800000)]
  0x0000020b1ea6a4a0 JavaThread "Sweeper thread" daemon [_thread_blocked, id=28064, stack(0x00000070a7800000,0x00000070a7900000)]
  0x0000020b7f59c340 JavaThread "Common-Cleaner" daemon [_thread_blocked, id=16732, stack(0x00000070a7900000,0x00000070a7a00000)]
  0x0000020b1ebe27a0 JavaThread "Notification Thread" daemon [_thread_blocked, id=4012, stack(0x00000070a7a00000,0x00000070a7b00000)]
  0x0000020b1ed09320 JavaThread "C2 CompilerThread1" daemon [_thread_blocked, id=16428, stack(0x00000070a7c00000,0x00000070a7d00000)]
  0x0000020b1edd7010 JavaThread "Java2D Disposer" daemon [_thread_blocked, id=25996, stack(0x00000070a7d00000,0x00000070a7e00000)]
  0x0000020b1edd9fb0 JavaThread "AWT-Shutdown" [_thread_blocked, id=28676, stack(0x00000070a7e00000,0x00000070a7f00000)]
=>0x0000020b1eddd6a0 JavaThread "AWT-Windows" daemon [_thread_in_native, id=21832, stack(0x00000070a7f00000,0x00000070a8000000)]

Other Threads:
  0x0000020b7f5aaa10 VMThread "VM Thread" [stack: 0x00000070a6f00000,0x00000070a7000000] [id=31180]
  0x0000020b7f5b8990 WatcherThread [stack: 0x00000070a7b00000,0x00000070a7c00000] [id=27252]
  0x0000020b7afba1b0 GCTaskThread "GC Thread#0" [stack: 0x00000070a6a00000,0x00000070a6b00000] [id=12524]
  0x0000020b7afcae20 ConcurrentGCThread "G1 Main Marker" [stack: 0x00000070a6b00000,0x00000070a6c00000] [id=1096]
  0x0000020b7afcb740 ConcurrentGCThread "G1 Conc#0" [stack: 0x00000070a6c00000,0x00000070a6d00000] [id=1516]
  0x0000020b7b00e530 ConcurrentGCThread "G1 Refine#0" [stack: 0x00000070a6d00000,0x00000070a6e00000] [id=27288]
  0x0000020b7f466500 ConcurrentGCThread "G1 Service" [stack: 0x00000070a6e00000,0x00000070a6f00000] [id=13800]

Threads with active compile tasks:

VM state: not at safepoint (normal execution)

VM Mutex/Monitor currently owned by a thread: None

Heap address: 0x0000000701e00000, size: 4066 MB, Compressed Oops mode: Zero based, Oop shift amount: 3

CDS archive(s) mapped at: [0x0000020b1f000000-0x0000020b1fbd0000-0x0000020b1fbd0000), size 12386304, SharedBaseAddress: 0x0000020b1f000000, ArchiveRelocationMode: 1.
Compressed class space mapped at: 0x0000020b20000000-0x0000020b60000000, reserved size: 1073741824
Narrow klass base: 0x0000020b1f000000, Narrow klass shift: 0, Narrow klass range: 0x100000000

GC Precious Log:
 CPUs: 8 total, 8 available
 Memory: 16263M
 Large Page Support: Disabled
 NUMA Support: Disabled
 Compressed Oops: Enabled (Zero based)
 Heap Region Size: 2M
 Heap Min Capacity: 8M
 Heap Initial Capacity: 256M
 Heap Max Capacity: 4066M
 Pre-touch: Disabled
 Parallel Workers: 8
 Concurrent Workers: 2
 Concurrent Refinement Workers: 8
 Periodic GC: Disabled

Heap:
 garbage-first heap   total 262144K, used 2048K [0x0000000701e00000, 0x0000000800000000)
  region size 2048K, 2 young (4096K), 0 survivors (0K)
 Metaspace       used 2667K, committed 2816K, reserved 1114112K
  class space    used 254K, committed 320K, reserved 1048576K

Heap Regions: E=young(eden), S=young(survivor), O=old, HS=humongous(starts), HC=humongous(continues), CS=collection set, F=free, OA=open archive, CA=closed archive, TAMS=top-at-mark-start (previous, next)
|   0|0x0000000701e00000, 0x0000000701e00000, 0x0000000702000000|  0%| F|  |TAMS 0x0000000701e00000, 0x0000000701e00000| Untracked 
|   1|0x0000000702000000, 0x0000000702000000, 0x0000000702200000|  0%| F|  |TAMS 0x0000000702000000, 0x0000000702000000| Untracked 
|   2|0x0000000702200000, 0x0000000702200000, 0x0000000702400000|  0%| F|  |TAMS 0x0000000702200000, 0x0000000702200000| Untracked 
|   3|0x0000000702400000, 0x0000000702400000, 0x0000000702600000|  0%| F|  |TAMS 0x0000000702400000, 0x0000000702400000| Untracked 
|   4|0x0000000702600000, 0x0000000702600000, 0x0000000702800000|  0%| F|  |TAMS 0x0000000702600000, 0x0000000702600000| Untracked 
|   5|0x0000000702800000, 0x0000000702800000, 0x0000000702a00000|  0%| F|  |TAMS 0x0000000702800000, 0x0000000702800000| Untracked 
|   6|0x0000000702a00000, 0x0000000702a00000, 0x0000000702c00000|  0%| F|  |TAMS 0x0000000702a00000, 0x0000000702a00000| Untracked 
|   7|0x0000000702c00000, 0x0000000702c00000, 0x0000000702e00000|  0%| F|  |TAMS 0x0000000702c00000, 0x0000000702c00000| Untracked 
|   8|0x0000000702e00000, 0x0000000702e00000, 0x0000000703000000|  0%| F|  |TAMS 0x0000000702e00000, 0x0000000702e00000| Untracked 
|   9|0x0000000703000000, 0x0000000703000000, 0x0000000703200000|  0%| F|  |TAMS 0x0000000703000000, 0x0000000703000000| Untracked 
|  10|0x0000000703200000, 0x0000000703200000, 0x0000000703400000|  0%| F|  |TAMS 0x0000000703200000, 0x0000000703200000| Untracked 
|  11|0x0000000703400000, 0x0000000703400000, 0x0000000703600000|  0%| F|  |TAMS 0x0000000703400000, 0x0000000703400000| Untracked 
|  12|0x0000000703600000, 0x0000000703600000, 0x0000000703800000|  0%| F|  |TAMS 0x0000000703600000, 0x0000000703600000| Untracked 
|  13|0x0000000703800000, 0x0000000703800000, 0x0000000703a00000|  0%| F|  |TAMS 0x0000000703800000, 0x0000000703800000| Untracked 
|  14|0x0000000703a00000, 0x0000000703a00000, 0x0000000703c00000|  0%| F|  |TAMS 0x0000000703a00000, 0x0000000703a00000| Untracked 
|  15|0x0000000703c00000, 0x0000000703c00000, 0x0000000703e00000|  0%| F|  |TAMS 0x0000000703c00000, 0x0000000703c00000| Untracked 
|  16|0x0000000703e00000, 0x0000000703e00000, 0x0000000704000000|  0%| F|  |TAMS 0x0000000703e00000, 0x0000000703e00000| Untracked 
|  17|0x0000000704000000, 0x0000000704000000, 0x0000000704200000|  0%| F|  |TAMS 0x0000000704000000, 0x0000000704000000| Untracked 
|  18|0x0000000704200000, 0x0000000704200000, 0x0000000704400000|  0%| F|  |TAMS 0x0000000704200000, 0x0000000704200000| Untracked 
|  19|0x0000000704400000, 0x0000000704400000, 0x0000000704600000|  0%| F|  |TAMS 0x0000000704400000, 0x0000000704400000| Untracked 
|  20|0x0000000704600000, 0x0000000704600000, 0x0000000704800000|  0%| F|  |TAMS 0x0000000704600000, 0x0000000704600000| Untracked 
|  21|0x0000000704800000, 0x0000000704800000, 0x0000000704a00000|  0%| F|  |TAMS 0x0000000704800000, 0x0000000704800000| Untracked 
|  22|0x0000000704a00000, 0x0000000704a00000, 0x0000000704c00000|  0%| F|  |TAMS 0x0000000704a00000, 0x0000000704a00000| Untracked 
|  23|0x0000000704c00000, 0x0000000704c00000, 0x0000000704e00000|  0%| F|  |TAMS 0x0000000704c00000, 0x0000000704c00000| Untracked 
|  24|0x0000000704e00000, 0x0000000704e00000, 0x0000000705000000|  0%| F|  |TAMS 0x0000000704e00000, 0x0000000704e00000| Untracked 
|  25|0x0000000705000000, 0x0000000705000000, 0x0000000705200000|  0%| F|  |TAMS 0x0000000705000000, 0x0000000705000000| Untracked 
|  26|0x0000000705200000, 0x0000000705200000, 0x0000000705400000|  0%| F|  |TAMS 0x0000000705200000, 0x0000000705200000| Untracked 
|  27|0x0000000705400000, 0x0000000705400000, 0x0000000705600000|  0%| F|  |TAMS 0x0000000705400000, 0x0000000705400000| Untracked 
|  28|0x0000000705600000, 0x0000000705600000, 0x0000000705800000|  0%| F|  |TAMS 0x0000000705600000, 0x0000000705600000| Untracked 
|  29|0x0000000705800000, 0x0000000705800000, 0x0000000705a00000|  0%| F|  |TAMS 0x0000000705800000, 0x0000000705800000| Untracked 
|  30|0x0000000705a00000, 0x0000000705a00000, 0x0000000705c00000|  0%| F|  |TAMS 0x0000000705a00000, 0x0000000705a00000| Untracked 
|  31|0x0000000705c00000, 0x0000000705c00000, 0x0000000705e00000|  0%| F|  |TAMS 0x0000000705c00000, 0x0000000705c00000| Untracked 
|  32|0x0000000705e00000, 0x0000000705e00000, 0x0000000706000000|  0%| F|  |TAMS 0x0000000705e00000, 0x0000000705e00000| Untracked 
|  33|0x0000000706000000, 0x0000000706000000, 0x0000000706200000|  0%| F|  |TAMS 0x0000000706000000, 0x0000000706000000| Untracked 
|  34|0x0000000706200000, 0x0000000706200000, 0x0000000706400000|  0%| F|  |TAMS 0x0000000706200000, 0x0000000706200000| Untracked 
|  35|0x0000000706400000, 0x0000000706400000, 0x0000000706600000|  0%| F|  |TAMS 0x0000000706400000, 0x0000000706400000| Untracked 
|  36|0x0000000706600000, 0x0000000706600000, 0x0000000706800000|  0%| F|  |TAMS 0x0000000706600000, 0x0000000706600000| Untracked 
|  37|0x0000000706800000, 0x0000000706800000, 0x0000000706a00000|  0%| F|  |TAMS 0x0000000706800000, 0x0000000706800000| Untracked 
|  38|0x0000000706a00000, 0x0000000706a00000, 0x0000000706c00000|  0%| F|  |TAMS 0x0000000706a00000, 0x0000000706a00000| Untracked 
|  39|0x0000000706c00000, 0x0000000706c00000, 0x0000000706e00000|  0%| F|  |TAMS 0x0000000706c00000, 0x0000000706c00000| Untracked 
|  40|0x0000000706e00000, 0x0000000706e00000, 0x0000000707000000|  0%| F|  |TAMS 0x0000000706e00000, 0x0000000706e00000| Untracked 
|  41|0x0000000707000000, 0x0000000707000000, 0x0000000707200000|  0%| F|  |TAMS 0x0000000707000000, 0x0000000707000000| Untracked 
|  42|0x0000000707200000, 0x0000000707200000, 0x0000000707400000|  0%| F|  |TAMS 0x0000000707200000, 0x0000000707200000| Untracked 
|  43|0x0000000707400000, 0x0000000707400000, 0x0000000707600000|  0%| F|  |TAMS 0x0000000707400000, 0x0000000707400000| Untracked 
|  44|0x0000000707600000, 0x0000000707600000, 0x0000000707800000|  0%| F|  |TAMS 0x0000000707600000, 0x0000000707600000| Untracked 
|  45|0x0000000707800000, 0x0000000707800000, 0x0000000707a00000|  0%| F|  |TAMS 0x0000000707800000, 0x0000000707800000| Untracked 
|  46|0x0000000707a00000, 0x0000000707a00000, 0x0000000707c00000|  0%| F|  |TAMS 0x0000000707a00000, 0x0000000707a00000| Untracked 
|  47|0x0000000707c00000, 0x0000000707c00000, 0x0000000707e00000|  0%| F|  |TAMS 0x0000000707c00000, 0x0000000707c00000| Untracked 
|  48|0x0000000707e00000, 0x0000000707e00000, 0x0000000708000000|  0%| F|  |TAMS 0x0000000707e00000, 0x0000000707e00000| Untracked 
|  49|0x0000000708000000, 0x0000000708000000, 0x0000000708200000|  0%| F|  |TAMS 0x0000000708000000, 0x0000000708000000| Untracked 
|  50|0x0000000708200000, 0x0000000708200000, 0x0000000708400000|  0%| F|  |TAMS 0x0000000708200000, 0x0000000708200000| Untracked 
|  51|0x0000000708400000, 0x0000000708400000, 0x0000000708600000|  0%| F|  |TAMS 0x0000000708400000, 0x0000000708400000| Untracked 
|  52|0x0000000708600000, 0x0000000708600000, 0x0000000708800000|  0%| F|  |TAMS 0x0000000708600000, 0x0000000708600000| Untracked 
|  53|0x0000000708800000, 0x0000000708800000, 0x0000000708a00000|  0%| F|  |TAMS 0x0000000708800000, 0x0000000708800000| Untracked 
|  54|0x0000000708a00000, 0x0000000708a00000, 0x0000000708c00000|  0%| F|  |TAMS 0x0000000708a00000, 0x0000000708a00000| Untracked 
|  55|0x0000000708c00000, 0x0000000708c00000, 0x0000000708e00000|  0%| F|  |TAMS 0x0000000708c00000, 0x0000000708c00000| Untracked 
|  56|0x0000000708e00000, 0x0000000708e00000, 0x0000000709000000|  0%| F|  |TAMS 0x0000000708e00000, 0x0000000708e00000| Untracked 
|  57|0x0000000709000000, 0x0000000709000000, 0x0000000709200000|  0%| F|  |TAMS 0x0000000709000000, 0x0000000709000000| Untracked 
|  58|0x0000000709200000, 0x0000000709200000, 0x0000000709400000|  0%| F|  |TAMS 0x0000000709200000, 0x0000000709200000| Untracked 
|  59|0x0000000709400000, 0x0000000709400000, 0x0000000709600000|  0%| F|  |TAMS 0x0000000709400000, 0x0000000709400000| Untracked 
|  60|0x0000000709600000, 0x0000000709600000, 0x0000000709800000|  0%| F|  |TAMS 0x0000000709600000, 0x0000000709600000| Untracked 
|  61|0x0000000709800000, 0x0000000709800000, 0x0000000709a00000|  0%| F|  |TAMS 0x0000000709800000, 0x0000000709800000| Untracked 
|  62|0x0000000709a00000, 0x0000000709a00000, 0x0000000709c00000|  0%| F|  |TAMS 0x0000000709a00000, 0x0000000709a00000| Untracked 
|  63|0x0000000709c00000, 0x0000000709c00000, 0x0000000709e00000|  0%| F|  |TAMS 0x0000000709c00000, 0x0000000709c00000| Untracked 
|  64|0x0000000709e00000, 0x0000000709e00000, 0x000000070a000000|  0%| F|  |TAMS 0x0000000709e00000, 0x0000000709e00000| Untracked 
|  65|0x000000070a000000, 0x000000070a000000, 0x000000070a200000|  0%| F|  |TAMS 0x000000070a000000, 0x000000070a000000| Untracked 
|  66|0x000000070a200000, 0x000000070a200000, 0x000000070a400000|  0%| F|  |TAMS 0x000000070a200000, 0x000000070a200000| Untracked 
|  67|0x000000070a400000, 0x000000070a400000, 0x000000070a600000|  0%| F|  |TAMS 0x000000070a400000, 0x000000070a400000| Untracked 
|  68|0x000000070a600000, 0x000000070a600000, 0x000000070a800000|  0%| F|  |TAMS 0x000000070a600000, 0x000000070a600000| Untracked 
|  69|0x000000070a800000, 0x000000070a800000, 0x000000070aa00000|  0%| F|  |TAMS 0x000000070a800000, 0x000000070a800000| Untracked 
|  70|0x000000070aa00000, 0x000000070aa00000, 0x000000070ac00000|  0%| F|  |TAMS 0x000000070aa00000, 0x000000070aa00000| Untracked 
|  71|0x000000070ac00000, 0x000000070ac00000, 0x000000070ae00000|  0%| F|  |TAMS 0x000000070ac00000, 0x000000070ac00000| Untracked 
|  72|0x000000070ae00000, 0x000000070ae00000, 0x000000070b000000|  0%| F|  |TAMS 0x000000070ae00000, 0x000000070ae00000| Untracked 
|  73|0x000000070b000000, 0x000000070b000000, 0x000000070b200000|  0%| F|  |TAMS 0x000000070b000000, 0x000000070b000000| Untracked 
|  74|0x000000070b200000, 0x000000070b200000, 0x000000070b400000|  0%| F|  |TAMS 0x000000070b200000, 0x000000070b200000| Untracked 
|  75|0x000000070b400000, 0x000000070b400000, 0x000000070b600000|  0%| F|  |TAMS 0x000000070b400000, 0x000000070b400000| Untracked 
|  76|0x000000070b600000, 0x000000070b600000, 0x000000070b800000|  0%| F|  |TAMS 0x000000070b600000, 0x000000070b600000| Untracked 
|  77|0x000000070b800000, 0x000000070b800000, 0x000000070ba00000|  0%| F|  |TAMS 0x000000070b800000, 0x000000070b800000| Untracked 
|  78|0x000000070ba00000, 0x000000070ba00000, 0x000000070bc00000|  0%| F|  |TAMS 0x000000070ba00000, 0x000000070ba00000| Untracked 
|  79|0x000000070bc00000, 0x000000070bc00000, 0x000000070be00000|  0%| F|  |TAMS 0x000000070bc00000, 0x000000070bc00000| Untracked 
|  80|0x000000070be00000, 0x000000070be00000, 0x000000070c000000|  0%| F|  |TAMS 0x000000070be00000, 0x000000070be00000| Untracked 
|  81|0x000000070c000000, 0x000000070c000000, 0x000000070c200000|  0%| F|  |TAMS 0x000000070c000000, 0x000000070c000000| Untracked 
|  82|0x000000070c200000, 0x000000070c200000, 0x000000070c400000|  0%| F|  |TAMS 0x000000070c200000, 0x000000070c200000| Untracked 
|  83|0x000000070c400000, 0x000000070c400000, 0x000000070c600000|  0%| F|  |TAMS 0x000000070c400000, 0x000000070c400000| Untracked 
|  84|0x000000070c600000, 0x000000070c600000, 0x000000070c800000|  0%| F|  |TAMS 0x000000070c600000, 0x000000070c600000| Untracked 
|  85|0x000000070c800000, 0x000000070c800000, 0x000000070ca00000|  0%| F|  |TAMS 0x000000070c800000, 0x000000070c800000| Untracked 
|  86|0x000000070ca00000, 0x000000070ca00000, 0x000000070cc00000|  0%| F|  |TAMS 0x000000070ca00000, 0x000000070ca00000| Untracked 
|  87|0x000000070cc00000, 0x000000070cc00000, 0x000000070ce00000|  0%| F|  |TAMS 0x000000070cc00000, 0x000000070cc00000| Untracked 
|  88|0x000000070ce00000, 0x000000070ce00000, 0x000000070d000000|  0%| F|  |TAMS 0x000000070ce00000, 0x000000070ce00000| Untracked 
|  89|0x000000070d000000, 0x000000070d000000, 0x000000070d200000|  0%| F|  |TAMS 0x000000070d000000, 0x000000070d000000| Untracked 
|  90|0x000000070d200000, 0x000000070d200000, 0x000000070d400000|  0%| F|  |TAMS 0x000000070d200000, 0x000000070d200000| Untracked 
|  91|0x000000070d400000, 0x000000070d400000, 0x000000070d600000|  0%| F|  |TAMS 0x000000070d400000, 0x000000070d400000| Untracked 
|  92|0x000000070d600000, 0x000000070d600000, 0x000000070d800000|  0%| F|  |TAMS 0x000000070d600000, 0x000000070d600000| Untracked 
|  93|0x000000070d800000, 0x000000070d800000, 0x000000070da00000|  0%| F|  |TAMS 0x000000070d800000, 0x000000070d800000| Untracked 
|  94|0x000000070da00000, 0x000000070da00000, 0x000000070dc00000|  0%| F|  |TAMS 0x000000070da00000, 0x000000070da00000| Untracked 
|  95|0x000000070dc00000, 0x000000070dc00000, 0x000000070de00000|  0%| F|  |TAMS 0x000000070dc00000, 0x000000070dc00000| Untracked 
|  96|0x000000070de00000, 0x000000070de00000, 0x000000070e000000|  0%| F|  |TAMS 0x000000070de00000, 0x000000070de00000| Untracked 
|  97|0x000000070e000000, 0x000000070e000000, 0x000000070e200000|  0%| F|  |TAMS 0x000000070e000000, 0x000000070e000000| Untracked 
|  98|0x000000070e200000, 0x000000070e200000, 0x000000070e400000|  0%| F|  |TAMS 0x000000070e200000, 0x000000070e200000| Untracked 
|  99|0x000000070e400000, 0x000000070e400000, 0x000000070e600000|  0%| F|  |TAMS 0x000000070e400000, 0x000000070e400000| Untracked 
| 100|0x000000070e600000, 0x000000070e600000, 0x000000070e800000|  0%| F|  |TAMS 0x000000070e600000, 0x000000070e600000| Untracked 
| 101|0x000000070e800000, 0x000000070e800000, 0x000000070ea00000|  0%| F|  |TAMS 0x000000070e800000, 0x000000070e800000| Untracked 
| 102|0x000000070ea00000, 0x000000070ea00000, 0x000000070ec00000|  0%| F|  |TAMS 0x000000070ea00000, 0x000000070ea00000| Untracked 
| 103|0x000000070ec00000, 0x000000070ec00000, 0x000000070ee00000|  0%| F|  |TAMS 0x000000070ec00000, 0x000000070ec00000| Untracked 
| 104|0x000000070ee00000, 0x000000070ee00000, 0x000000070f000000|  0%| F|  |TAMS 0x000000070ee00000, 0x000000070ee00000| Untracked 
| 105|0x000000070f000000, 0x000000070f000000, 0x000000070f200000|  0%| F|  |TAMS 0x000000070f000000, 0x000000070f000000| Untracked 
| 106|0x000000070f200000, 0x000000070f200000, 0x000000070f400000|  0%| F|  |TAMS 0x000000070f200000, 0x000000070f200000| Untracked 
| 107|0x000000070f400000, 0x000000070f400000, 0x000000070f600000|  0%| F|  |TAMS 0x000000070f400000, 0x000000070f400000| Untracked 
| 108|0x000000070f600000, 0x000000070f600000, 0x000000070f800000|  0%| F|  |TAMS 0x000000070f600000, 0x000000070f600000| Untracked 
| 109|0x000000070f800000, 0x000000070f800000, 0x000000070fa00000|  0%| F|  |TAMS 0x000000070f800000, 0x000000070f800000| Untracked 
| 110|0x000000070fa00000, 0x000000070fa00000, 0x000000070fc00000|  0%| F|  |TAMS 0x000000070fa00000, 0x000000070fa00000| Untracked 
| 111|0x000000070fc00000, 0x000000070fc00000, 0x000000070fe00000|  0%| F|  |TAMS 0x000000070fc00000, 0x000000070fc00000| Untracked 
| 112|0x000000070fe00000, 0x000000070fe00000, 0x0000000710000000|  0%| F|  |TAMS 0x000000070fe00000, 0x000000070fe00000| Untracked 
| 113|0x0000000710000000, 0x0000000710000000, 0x0000000710200000|  0%| F|  |TAMS 0x0000000710000000, 0x0000000710000000| Untracked 
| 114|0x0000000710200000, 0x0000000710200000, 0x0000000710400000|  0%| F|  |TAMS 0x0000000710200000, 0x0000000710200000| Untracked 
| 115|0x0000000710400000, 0x0000000710400000, 0x0000000710600000|  0%| F|  |TAMS 0x0000000710400000, 0x0000000710400000| Untracked 
| 116|0x0000000710600000, 0x0000000710600000, 0x0000000710800000|  0%| F|  |TAMS 0x0000000710600000, 0x0000000710600000| Untracked 
| 117|0x0000000710800000, 0x0000000710800000, 0x0000000710a00000|  0%| F|  |TAMS 0x0000000710800000, 0x0000000710800000| Untracked 
| 118|0x0000000710a00000, 0x0000000710a00000, 0x0000000710c00000|  0%| F|  |TAMS 0x0000000710a00000, 0x0000000710a00000| Untracked 
| 119|0x0000000710c00000, 0x0000000710c00000, 0x0000000710e00000|  0%| F|  |TAMS 0x0000000710c00000, 0x0000000710c00000| Untracked 
| 120|0x0000000710e00000, 0x0000000710e00000, 0x0000000711000000|  0%| F|  |TAMS 0x0000000710e00000, 0x0000000710e00000| Untracked 
| 121|0x0000000711000000, 0x0000000711000000, 0x0000000711200000|  0%| F|  |TAMS 0x0000000711000000, 0x0000000711000000| Untracked 
| 122|0x0000000711200000, 0x0000000711200000, 0x0000000711400000|  0%| F|  |TAMS 0x0000000711200000, 0x0000000711200000| Untracked 
| 123|0x0000000711400000, 0x0000000711400000, 0x0000000711600000|  0%| F|  |TAMS 0x0000000711400000, 0x0000000711400000| Untracked 
| 124|0x0000000711600000, 0x0000000711600000, 0x0000000711800000|  0%| F|  |TAMS 0x0000000711600000, 0x0000000711600000| Untracked 
| 125|0x0000000711800000, 0x0000000711800000, 0x0000000711a00000|  0%| F|  |TAMS 0x0000000711800000, 0x0000000711800000| Untracked 
| 126|0x0000000711a00000, 0x0000000711bc3148, 0x0000000711c00000| 88%| E|  |TAMS 0x0000000711a00000, 0x0000000711a00000| Complete 
| 127|0x0000000711c00000, 0x0000000711e00000, 0x0000000711e00000|100%| E|CS|TAMS 0x0000000711c00000, 0x0000000711c00000| Complete 

Card table byte_map: [0x0000020b7bb50000,0x0000020b7c350000] _byte_map_base: 0x0000020b78341000

Marking Bits (Prev, Next): (CMBitMap*) 0x0000020b7afba6e0, (CMBitMap*) 0x0000020b7afba720
 Prev Bits: [0x0000020b16a30000, 0x0000020b1a9b8000)
 Next Bits: [0x0000020b1a9c0000, 0x0000020b1e948000)

Polling page: 0x0000020b7a710000

Metaspace:

Usage:
  Non-class:      2.36 MB used.
      Class:    254.02 KB used.
       Both:      2.61 MB used.

Virtual space:
  Non-class space:       64.00 MB reserved,       2.44 MB (  4%) committed,  1 nodes.
      Class space:        1.00 GB reserved,     320.00 KB ( <1%) committed,  1 nodes.
             Both:        1.06 GB reserved,       2.75 MB ( <1%) committed. 

Chunk freelists:
   Non-Class:  11.94 MB
       Class:  15.71 MB
        Both:  27.66 MB

MaxMetaspaceSize: unlimited
CompressedClassSpaceSize: 1.00 GB
Initial GC threshold: 21.00 MB
Current GC threshold: 21.00 MB
CDS: on
MetaspaceReclaimPolicy: balanced
 - commit_granule_bytes: 65536.
 - commit_granule_words: 8192.
 - virtual_space_node_default_size: 8388608.
 - enlarge_chunks_in_place: 1.
 - new_chunks_are_fully_committed: 0.
 - uncommit_free_chunks: 1.
 - use_allocation_guard: 0.
 - handle_deallocations: 1.


Internal statistics:

num_allocs_failed_limit: 0.
num_arena_births: 58.
num_arena_deaths: 0.
num_vsnodes_births: 2.
num_vsnodes_deaths: 0.
num_space_committed: 44.
num_space_uncommitted: 0.
num_chunks_returned_to_freelist: 0.
num_chunks_taken_from_freelist: 67.
num_chunk_merges: 0.
num_chunk_splits: 43.
num_chunks_enlarged: 20.
num_inconsistent_stats: 0.

CodeHeap 'non-profiled nmethods': size=120000Kb used=122Kb max_used=122Kb free=119877Kb
 bounds [0x0000020b0f500000, 0x0000020b0f770000, 0x0000020b16a30000]
CodeHeap 'profiled nmethods': size=120000Kb used=480Kb max_used=480Kb free=119519Kb
 bounds [0x0000020b07a30000, 0x0000020b07ca0000, 0x0000020b0ef60000]
CodeHeap 'non-nmethods': size=5760Kb used=1166Kb max_used=1181Kb free=4593Kb
 bounds [0x0000020b0ef60000, 0x0000020b0f1d0000, 0x0000020b0f500000]
 total_blobs=825 nmethods=365 adapters=373
 compilation: enabled
              stopped_count=0, restarted_count=0
 full_count=0

Compilation events (20 events):
Event: 0.200 Thread 0x0000020b7f5ce340 nmethod 355 0x0000020b07aa1490 code [0x0000020b07aa1660, 0x0000020b07aa1a08]
Event: 0.200 Thread 0x0000020b7f5ce340  354       3       java.util.HashSet::contains (9 bytes)
Event: 0.200 Thread 0x0000020b7f5ce340 nmethod 354 0x0000020b07aa1b10 code [0x0000020b07aa1cc0, 0x0000020b07aa1f48]
Event: 0.200 Thread 0x0000020b7f5ce340  357       3       sun.invoke.util.VerifyAccess::isSamePackage (37 bytes)
Event: 0.202 Thread 0x0000020b7f5ce340 nmethod 357 0x0000020b07aa2010 code [0x0000020b07aa2320, 0x0000020b07aa37b8]
Event: 0.202 Thread 0x0000020b7f5ce340  358       3       java.util.concurrent.ConcurrentHashMap$BaseIterator::hasNext (13 bytes)
Event: 0.202 Thread 0x0000020b7f5ce340 nmethod 358 0x0000020b07aa3d90 code [0x0000020b07aa3f20, 0x0000020b07aa4098]
Event: 0.204 Thread 0x0000020b7f5c9970 nmethod 356 0x0000020b0f51e010 code [0x0000020b0f51e1c0, 0x0000020b0f51e578]
Event: 0.211 Thread 0x0000020b7f5ce340  360       3       java.lang.invoke.MethodType::insertParameterTypes (121 bytes)
Event: 0.212 Thread 0x0000020b7f5ce340 nmethod 360 0x0000020b07aa4110 code [0x0000020b07aa43e0, 0x0000020b07aa51e8]
Event: 0.212 Thread 0x0000020b7f5ce340  359       3       java.lang.invoke.MethodType::erase (8 bytes)
Event: 0.212 Thread 0x0000020b7f5ce340 nmethod 359 0x0000020b07aa5710 code [0x0000020b07aa58a0, 0x0000020b07aa59d8]
Event: 0.212 Thread 0x0000020b7f5ce340  362       3       java.util.Set::of (68 bytes)
Event: 0.212 Thread 0x0000020b7f5ce340 nmethod 362 0x0000020b07aa5a90 code [0x0000020b07aa5cc0, 0x0000020b07aa6508]
Event: 0.212 Thread 0x0000020b7f5ce340  364       3       java.lang.AbstractStringBuilder::newCapacity (59 bytes)
Event: 0.213 Thread 0x0000020b7f5ce340 nmethod 364 0x0000020b07aa6790 code [0x0000020b07aa6960, 0x0000020b07aa6d58]
Event: 0.213 Thread 0x0000020b7f5ce340  363       3       java.util.Arrays::copyOf (19 bytes)
Event: 0.213 Thread 0x0000020b7f5ce340 nmethod 363 0x0000020b07aa6f10 code [0x0000020b07aa70c0, 0x0000020b07aa73a8]
Event: 0.213 Thread 0x0000020b7f5ce340  361       3       java.lang.invoke.MemberName$Factory::resolveOrFail (79 bytes)
Event: 0.213 Thread 0x0000020b7f5ce340 nmethod 361 0x0000020b07aa7510 code [0x0000020b07aa7720, 0x0000020b07aa7eb8]

GC Heap History (0 events):
No events

Dll operation events (7 events):
Event: 0.009 Loaded shared library C:\Users\Yash\AppData\Local\Programs\Eclipse Adoptium\jdk-17.0.8.7-hotspot\bin\java.dll
Event: 0.030 Loaded shared library C:\Users\Yash\AppData\Local\Programs\Eclipse Adoptium\jdk-17.0.8.7-hotspot\bin\jsvml.dll
Event: 0.073 Loaded shared library C:\Users\Yash\AppData\Local\Programs\Eclipse Adoptium\jdk-17.0.8.7-hotspot\bin\net.dll
Event: 0.075 Loaded shared library C:\Users\Yash\AppData\Local\Programs\Eclipse Adoptium\jdk-17.0.8.7-hotspot\bin\nio.dll
Event: 0.095 Loaded shared library C:\Users\Yash\AppData\Local\Programs\Eclipse Adoptium\jdk-17.0.8.7-hotspot\bin\zip.dll
Event: 0.113 Loaded shared library C:\Users\Yash\AppData\Local\Programs\Eclipse Adoptium\jdk-17.0.8.7-hotspot\bin\jimage.dll
Event: 0.132 Loaded shared library C:\Users\Yash\AppData\Local\Programs\Eclipse Adoptium\jdk-17.0.8.7-hotspot\bin\awt.dll

Deoptimization events (0 events):
No events

Classes unloaded (0 events):
No events

Classes redefined (0 events):
No events

Internal exceptions (8 events):
Event: 0.076 Thread 0x0000020b7af4f510 Exception <a 'sun/nio/fs/WindowsException'{0x0000000711d26808}> (0x0000000711d26808) 
thrown [s\src\hotspot\share\prims\jni.cpp, line 516]
Event: 0.077 Thread 0x0000020b7af4f510 Exception <a 'sun/nio/fs/WindowsException'{0x0000000711d26d38}> (0x0000000711d26d38) 
thrown [s\src\hotspot\share\prims\jni.cpp, line 516]
Event: 0.078 Thread 0x0000020b7af4f510 Exception <a 'sun/nio/fs/WindowsException'{0x0000000711d29020}> (0x0000000711d29020) 
thrown [s\src\hotspot\share\prims\jni.cpp, line 516]
Event: 0.078 Thread 0x0000020b7af4f510 Exception <a 'sun/nio/fs/WindowsException'{0x0000000711d29ab0}> (0x0000000711d29ab0) 
thrown [s\src\hotspot\share\prims\jni.cpp, line 516]
Event: 0.123 Thread 0x0000020b7af4f510 Exception <a 'java/lang/ClassNotFoundException'{0x0000000711a68c98}: sun/awt/resources/spi/awtProvider> (0x0000000711a68c98) 
thrown [s\src\hotspot\share\classfile\systemDictionary.cpp, line 256]
Event: 0.145 Thread 0x0000020b7af4f510 Exception <a 'java/io/FileNotFoundException'{0x0000000711abb4b8}> (0x0000000711abb4b8) 
thrown [s\src\hotspot\share\prims\jni.cpp, line 516]
Event: 0.154 Thread 0x0000020b7af4f510 Exception <a 'java/io/FileNotFoundException'{0x0000000711ae8620}> (0x0000000711ae8620) 
thrown [s\src\hotspot\share\prims\jni.cpp, line 516]
Event: 0.197 Thread 0x0000020b7af4f510 Exception <a 'java/lang/NoSuchMethodError'{0x0000000711b2ca78}: 'java.lang.Object java.lang.invoke.DirectMethodHandle$Holder.invokeStaticInit(java.lang.Object)'> (0x0000000711b2ca78) 
thrown [s\src\hotspot\share\interpreter\linkResolver.cpp, line 759]

VM Operations (2 events):
Event: 0.079 Executing VM operation: HandshakeAllThreads
Event: 0.079 Executing VM operation: HandshakeAllThreads done

Events (20 events):
Event: 0.195 loading class sun/java2d/Disposer$1 done
Event: 0.197 loading class sun/awt/util/ThreadGroupUtils
Event: 0.197 loading class sun/awt/util/ThreadGroupUtils done
Event: 0.197 Thread 0x0000020b1edd7010 Thread added: 0x0000020b1edd7010
Event: 0.198 loading class sun/awt/AWTAutoShutdown
Event: 0.198 loading class sun/awt/AWTAutoShutdown done
Event: 0.199 Thread 0x0000020b1edd9fb0 Thread added: 0x0000020b1edd9fb0
Event: 0.200 Thread 0x0000020b1eddd6a0 Thread added: 0x0000020b1eddd6a0
Event: 0.397 loading class sun/java2d/d3d/D3DRenderQueue
Event: 0.397 loading class sun/java2d/pipe/RenderQueue
Event: 0.397 loading class sun/java2d/pipe/RenderQueue done
Event: 0.397 loading class sun/java2d/d3d/D3DRenderQueue done
Event: 0.397 loading class sun/java2d/pipe/RenderBuffer
Event: 0.397 loading class sun/java2d/pipe/RenderBuffer done
Event: 0.397 loading class sun/java2d/d3d/D3DRenderQueue$1
Event: 0.397 loading class sun/java2d/d3d/D3DRenderQueue$1 done
Event: 0.397 loading class sun/java2d/d3d/D3DGraphicsDevice$1Result
Event: 0.397 loading class sun/java2d/d3d/D3DGraphicsDevice$1Result done
Event: 0.397 loading class sun/java2d/d3d/D3DGraphicsDevice$1
Event: 0.397 loading class sun/java2d/d3d/D3DGraphicsDevice$1 done


Dynamic libraries:
0x00007ff716ba0000 - 0x00007ff716bae000 	C:\Users\Yash\AppData\Local\Programs\Eclipse Adoptium\jdk-17.0.8.7-hotspot\bin\java.exe
0x00007ffd0e070000 - 0x00007ffd0e268000 	C:\Windows\SYSTEM32\ntdll.dll
0x00007ffd0c700000 - 0x00007ffd0c7bd000 	C:\Windows\System32\KERNEL32.DLL
0x00007ffd0bc90000 - 0x00007ffd0bf86000 	C:\Windows\System32\KERNELBASE.dll
0x00007ffd0b7e0000 - 0x00007ffd0b8e0000 	C:\Windows\System32\ucrtbase.dll
0x00007ffd02d10000 - 0x00007ffd02d27000 	C:\Users\Yash\AppData\Local\Programs\Eclipse Adoptium\jdk-17.0.8.7-hotspot\bin\jli.dll
0x00007ffd01a20000 - 0x00007ffd01a39000 	C:\Users\Yash\AppData\Local\Programs\Eclipse Adoptium\jdk-17.0.8.7-hotspot\bin\VCRUNTIME140.dll
0x00007ffd0cd50000 - 0x00007ffd0ceee000 	C:\Windows\System32\USER32.dll
0x00007ffd0b740000 - 0x00007ffd0b762000 	C:\Windows\System32\win32u.dll
0x00007ffce7bb0000 - 0x00007ffce7e4a000 	C:\Windows\WinSxS\amd64_microsoft.windows.common-controls_6595b64144ccf1df_6.0.19041.3636_none_60b6a03d71f818d5\COMCTL32.dll
0x00007ffd0dd30000 - 0x00007ffd0dd5c000 	C:\Windows\System32\GDI32.dll
0x00007ffd0d340000 - 0x00007ffd0d3de000 	C:\Windows\System32\msvcrt.dll
0x00007ffd0bb70000 - 0x00007ffd0bc8a000 	C:\Windows\System32\gdi32full.dll
0x00007ffd0bad0000 - 0x00007ffd0bb6d000 	C:\Windows\System32\msvcp_win.dll
0x00007ffd0dd60000 - 0x00007ffd0dd90000 	C:\Windows\System32\IMM32.DLL
0x00007ffd01a10000 - 0x00007ffd01a1c000 	C:\Users\Yash\AppData\Local\Programs\Eclipse Adoptium\jdk-17.0.8.7-hotspot\bin\vcruntime140_1.dll
0x00007ffcdd890000 - 0x00007ffcdd921000 	C:\Users\Yash\AppData\Local\Programs\Eclipse Adoptium\jdk-17.0.8.7-hotspot\bin\msvcp140.dll
0x00007ffc90760000 - 0x00007ffc913ac000 	C:\Users\Yash\AppData\Local\Programs\Eclipse Adoptium\jdk-17.0.8.7-hotspot\bin\server\jvm.dll
0x00007ffd0d3e0000 - 0x00007ffd0d493000 	C:\Windows\System32\ADVAPI32.dll
0x00007ffd0ccb0000 - 0x00007ffd0cd4f000 	C:\Windows\System32\sechost.dll
0x00007ffd0df00000 - 0x00007ffd0e026000 	C:\Windows\System32\RPCRT4.dll
0x00007ffd0bf90000 - 0x00007ffd0bfb7000 	C:\Windows\System32\bcrypt.dll
0x00007ffcfa0a0000 - 0x00007ffcfa0c7000 	C:\Windows\SYSTEM32\WINMM.dll
0x00007ffd022d0000 - 0x00007ffd022d9000 	C:\Windows\SYSTEM32\WSOCK32.dll
0x00007ffd0ac50000 - 0x00007ffd0ac9b000 	C:\Windows\SYSTEM32\POWRPROF.dll
0x00007ffd0dcc0000 - 0x00007ffd0dd2b000 	C:\Windows\System32\WS2_32.dll
0x00007ffcfdd20000 - 0x00007ffcfdd2a000 	C:\Windows\SYSTEM32\VERSION.dll
0x00007ffd0ab10000 - 0x00007ffd0ab22000 	C:\Windows\SYSTEM32\UMPDC.dll
0x00007ffd09f90000 - 0x00007ffd09fa2000 	C:\Windows\SYSTEM32\kernel.appcore.dll
0x00007ffd00c80000 - 0x00007ffd00c8a000 	C:\Users\Yash\AppData\Local\Programs\Eclipse Adoptium\jdk-17.0.8.7-hotspot\bin\jimage.dll
0x00007ffd06530000 - 0x00007ffd06714000 	C:\Windows\SYSTEM32\DBGHELP.DLL
0x00007ffcfd8f0000 - 0x00007ffcfd924000 	C:\Windows\SYSTEM32\dbgcore.DLL
0x00007ffd0ba40000 - 0x00007ffd0bac2000 	C:\Windows\System32\bcryptPrimitives.dll
0x00007ffcfc2a0000 - 0x00007ffcfc2c5000 	C:\Users\Yash\AppData\Local\Programs\Eclipse Adoptium\jdk-17.0.8.7-hotspot\bin\java.dll
0x00007ffcddca0000 - 0x00007ffcddd76000 	C:\Users\Yash\AppData\Local\Programs\Eclipse Adoptium\jdk-17.0.8.7-hotspot\bin\jsvml.dll
0x00007ffd0d570000 - 0x00007ffd0dcb5000 	C:\Windows\System32\SHELL32.dll
0x00007ffd06720000 - 0x00007ffd06ebb000 	C:\Windows\SYSTEM32\windows.storage.dll
0x00007ffd0cfd0000 - 0x00007ffd0d324000 	C:\Windows\System32\combase.dll
0x00007ffd0b090000 - 0x00007ffd0b0bd000 	C:\Windows\SYSTEM32\Wldp.dll
0x00007ffd0c390000 - 0x00007ffd0c43d000 	C:\Windows\System32\SHCORE.dll
0x00007ffd0dd90000 - 0x00007ffd0dde5000 	C:\Windows\System32\shlwapi.dll
0x00007ffd0b670000 - 0x00007ffd0b695000 	C:\Windows\SYSTEM32\profapi.dll
0x00007ffcfb740000 - 0x00007ffcfb759000 	C:\Users\Yash\AppData\Local\Programs\Eclipse Adoptium\jdk-17.0.8.7-hotspot\bin\net.dll
0x00007ffd00550000 - 0x00007ffd0065a000 	C:\Windows\SYSTEM32\WINHTTP.dll
0x00007ffd0ae70000 - 0x00007ffd0aeda000 	C:\Windows\system32\mswsock.dll
0x00007ffcfb4f0000 - 0x00007ffcfb505000 	C:\Users\Yash\AppData\Local\Programs\Eclipse Adoptium\jdk-17.0.8.7-hotspot\bin\nio.dll
0x00007ffcfb4d0000 - 0x00007ffcfb4e8000 	C:\Users\Yash\AppData\Local\Programs\Eclipse Adoptium\jdk-17.0.8.7-hotspot\bin\zip.dll
0x00007ffcddb10000 - 0x00007ffcddc9e000 	C:\Users\Yash\AppData\Local\Programs\Eclipse Adoptium\jdk-17.0.8.7-hotspot\bin\awt.dll
0x00007ffd0c620000 - 0x00007ffd0c6ed000 	C:\Windows\System32\OLEAUT32.dll
0x00007ffd055b0000 - 0x00007ffd05640000 	C:\Windows\SYSTEM32\apphelp.dll
0x00007ffd05ff0000 - 0x00007ffd0601f000 	C:\Windows\system32\DWMAPI.DLL
0x00007ffd056f0000 - 0x00007ffd0578e000 	C:\Windows\system32\uxtheme.dll
0x00007ffccf050000 - 0x00007ffccf175000 	C:\Windows\system32\opengl32.dll
0x00007ffccf2a0000 - 0x00007ffccf2cc000 	C:\Windows\SYSTEM32\GLU32.dll
0x00007ffd0c0c0000 - 0x00007ffd0c1d4000 	C:\Windows\System32\MSCTF.dll
0x00007ffd0c440000 - 0x00007ffd0c56b000 	C:\Windows\System32\ole32.dll
0x00007ffcffe60000 - 0x00007ffd0002d000 	C:\Windows\system32\d3d9.dll
0x00007ffcfa1d0000 - 0x00007ffcfa28e000 	C:\Windows\System32\DriverStore\FileRepository\nvbl.inf_amd64_104946ac97025119\nvldumdx.dll
0x00007ffd0b300000 - 0x00007ffd0b312000 	C:\Windows\SYSTEM32\msasn1.dll
0x00007ffcfdcc0000 - 0x00007ffcfdcf1000 	C:\Windows\SYSTEM32\cryptnet.dll
0x00007ffd0b8e0000 - 0x00007ffd0ba3d000 	C:\Windows\System32\CRYPT32.dll
0x00007ffcfddb0000 - 0x00007ffcfdef8000 	C:\Windows\SYSTEM32\drvstore.dll
0x00007ffd0b4d0000 - 0x00007ffd0b503000 	C:\Windows\SYSTEM32\devobj.dll
0x00007ffd0c070000 - 0x00007ffd0c0be000 	C:\Windows\System32\cfgmgr32.dll
0x00007ffd0b000000 - 0x00007ffd0b00c000 	C:\Windows\SYSTEM32\cryptbase.dll
0x00007ffd0b770000 - 0x00007ffd0b7d7000 	C:\Windows\System32\WINTRUST.DLL
0x00007ffd0c7c0000 - 0x00007ffd0c7dd000 	C:\Windows\System32\imagehlp.dll
0x00007ffd0b0d0000 - 0x00007ffd0b0e8000 	C:\Windows\SYSTEM32\CRYPTSP.dll
0x00007ffd0a750000 - 0x00007ffd0a784000 	C:\Windows\system32\rsaenh.dll
0x00007ffcc4990000 - 0x00007ffcc6f9a000 	C:\Windows\System32\DriverStore\FileRepository\nvbl.inf_amd64_104946ac97025119\nvd3dumx.dll

dbghelp: loaded successfully - version: 4.0.5 - missing functions: none
symbol engine: initialized successfully - sym options: 0x614 - pdb path: .;C:\Users\Yash\AppData\Local\Programs\Eclipse Adoptium\jdk-17.0.8.7-hotspot\bin;C:\Windows\SYSTEM32;C:\Windows\WinSxS\amd64_microsoft.windows.common-controls_6595b64144ccf1df_6.0.19041.3636_none_60b6a03d71f818d5;C:\Users\Yash\AppData\Local\Programs\Eclipse Adoptium\jdk-17.0.8.7-hotspot\bin\server;C:\Windows\System32\DriverStore\FileRepository\nvbl.inf_amd64_104946ac97025119

VM Arguments:
jvm_args: -Dfile.encoding=UTF-8 --module-path=D:\Practise Files\ATM Simulator\bank.management.system\build\classes 
java_command: bank.management.system.Transactions
java_class_path (initial): D:\Practise Files\ATM Simulator\jcalendar-tz-1.3.3-4.jar;D:\Practise Files\ATM Simulator\mysql-connector-java-8.0.28.jar;D:\Practise Files\ATM Simulator\bank.management.system\build\classes
Launcher Type: SUN_STANDARD

[Global flags]
     intx CICompilerCount                          = 4                                         {product} {ergonomic}
     uint ConcGCThreads                            = 2                                         {product} {ergonomic}
     uint G1ConcRefinementThreads                  = 8                                         {product} {ergonomic}
   size_t G1HeapRegionSize                         = 2097152                                   {product} {ergonomic}
    uintx GCDrainStackTargetSize                   = 64                                        {product} {ergonomic}
   size_t InitialHeapSize                          = 268435456                                 {product} {ergonomic}
   size_t MarkStackSize                            = 4194304                                   {product} {ergonomic}
   size_t MaxHeapSize                              = 4263510016                                {product} {ergonomic}
   size_t MaxNewSize                               = 2556428288                                {product} {ergonomic}
   size_t MinHeapDeltaBytes                        = 2097152                                   {product} {ergonomic}
   size_t MinHeapSize                              = 8388608                                   {product} {ergonomic}
    uintx NonNMethodCodeHeapSize                   = 5839372                                {pd product} {ergonomic}
    uintx NonProfiledCodeHeapSize                  = 122909434                              {pd product} {ergonomic}
    uintx ProfiledCodeHeapSize                     = 122909434                              {pd product} {ergonomic}
    uintx ReservedCodeCacheSize                    = 251658240                              {pd product} {ergonomic}
     bool SegmentedCodeCache                       = true                                      {product} {ergonomic}
   size_t SoftMaxHeapSize                          = 4263510016                             {manageable} {ergonomic}
     bool UseCompressedClassPointers               = true                           {product lp64_product} {ergonomic}
     bool UseCompressedOops                        = true                           {product lp64_product} {ergonomic}
     bool UseG1GC                                  = true                                      {product} {ergonomic}
     bool UseLargePagesIndividualAllocation        = false                                  {pd product} {ergonomic}

Logging:
Log output configuration:
 #0: stdout all=warning uptime,level,tags
 #1: stderr all=off uptime,level,tags

Environment Variables:
JAVA_HOME=C:\Users\Yash\AppData\Local\Programs\Eclipse Adoptium\jdk-17.0.8.7-hotspot\
PATH=C:\Program Files (x86)\NVIDIA Corporation\PhysX\Common;C:\Windows\system32;C:\Windows;C:\Windows\System32\Wbem;C:\Windows\System32\WindowsPowerShell\v1.0\;C:\Windows\System32\OpenSSH\;C:\Program Files (x86)\Intel\Intel(R) Management Engine Components\DAL;C:\Program Files\Intel\Intel(R) Management Engine Components\DAL;C:\Program Files (x86)\Microsoft SQL Server\110\Tools\Binn\;C:\Program Files\Microsoft SQL Server\110\Tools\Binn\;C:\Program Files\Microsoft SQL Server\110\DTS\Binn\;C:\Program Files\NVIDIA Corporation\NVIDIA NvDLISR;C:\Program Files\MySQL\MySQL Server 8.0\bin;C:\Users\Yash\AppData\Local\Programs\Eclipse Adoptium\jdk-17.0.8.7-hotspot\bin;C:\Program Files\MySQL\MySQL Shell 8.0\bin\;C:\Users\Yash\AppData\Local\Microsoft\WindowsApps;C:\Program Files\MySQL\MySQL Server 8.0\bin;;C:\Users\Yash\AppData\Local\Programs\Microsoft VS Code\bin
USERNAME=Yash
OS=Windows_NT
PROCESSOR_IDENTIFIER=Intel64 Family 6 Model 94 Stepping 3, GenuineIntel
TMP=C:\Users\Yash\AppData\Local\Temp
TEMP=C:\Users\Yash\AppData\Local\Temp



---------------  S Y S T E M  ---------------

OS:
 Windows 10 , 64 bit Build 19041 (10.0.19041.3636)
OS uptime: 2 days 7:18 hours
Hyper-V role detected

CPU: total 8 (initial active 8) (4 cores per cpu, 2 threads per core) family 6 model 94 stepping 3 microcode 0xf0, cx8, cmov, fxsr, ht, mmx, 3dnowpref, sse, sse2, sse3, ssse3, sse4.1, sse4.2, popcnt, lzcnt, tsc, tscinvbit, avx, avx2, aes, erms, clmul, bmi1, bmi2, rtm, adx, fma, vzeroupper, clflush, clflushopt, hv
Processor Information for all 8 processors :
  Max Mhz: 2592, Current Mhz: 2592, Mhz Limit: 2592

Memory: 4k page, system-wide physical 16263M (6462M free)
TotalPageFile size 46711M (AvailPageFile size 4M)
current process WorkingSet (physical memory assigned to process): 49M, peak: 49M
current process commit charge ("private bytes"): 355M, peak: 356M

vm_info: OpenJDK 64-Bit Server VM (17.0.8+7) for windows-amd64 JRE (17.0.8+7), built on Jul 18 2023 21:02:32 by "admin" with MS VC++ 16.7 (VS2019)

END.
