#
# There is insufficient memory for the Java Runtime Environment to continue.
# Native memory allocation (mmap) failed to map 65536 bytes for Failed to commit metaspace.
# Possible reasons:
#   The system is out of physical RAM or swap space
#   The process is running with CompressedOops enabled, and the Java Heap may be blocking the growth of the native heap
# Possible solutions:
#   Reduce memory load on the system
#   Increase physical memory or swap space
#   Check if swap backing store is full
#   Decrease Java heap size (-Xmx/-Xms)
#   Decrease number of Java threads
#   Decrease Java thread stack sizes (-Xss)
#   Set larger code cache with -XX:ReservedCodeCacheSize=
#   JVM is running with Zero Based Compressed Oops mode in which the Java heap is
#     placed in the first 32GB address space. The Java Heap base address is the
#     maximum limit for the native heap growth. Please use -XX:HeapBaseMinAddress
#     to set the Java Heap base and to place the Java Heap above 32GB virtual address.
# This output file may be truncated or incomplete.
#
#  Out of Memory Error (virtualSpaceNode.cpp:110), pid=1896, tid=31580
#
# JRE version: OpenJDK Runtime Environment Temurin-17.0.8+7 (17.0.8+7) (build 17.0.8+7)
# Java VM: OpenJDK 64-Bit Server VM Temurin-17.0.8+7 (17.0.8+7, mixed mode, sharing, tiered, compressed oops, compressed class ptrs, g1 gc, windows-amd64)
# No core dump will be written. Minidumps are not enabled by default on client versions of Windows
#

---------------  S U M M A R Y ------------

Command Line: -Dfile.encoding=UTF-8 --module-path=D:\Practise Files\ATM Simulator\bank.management.system\build\classes bank.management.system.Transactions

Host: Intel(R) Core(TM) i7-6700HQ CPU @ 2.60GHz, 8 cores, 15G,  Windows 10 , 64 bit Build 19041 (10.0.19041.3636)
Time: Wed Feb 14 20:05:12 2024 India Standard Time elapsed time: 1.162689 seconds (0d 0h 0m 1s)

---------------  T H R E A D  ---------------

Current thread (0x000001ecfef78060):  JavaThread "main" [_thread_in_vm, id=31580, stack(0x0000007bf4b00000,0x0000007bf4c00000)]

Stack: [0x0000007bf4b00000,0x0000007bf4c00000]
Native frames: (J=compiled Java code, j=interpreted, Vv=VM code, C=native code)
V  [jvm.dll+0x678b0a]
V  [jvm.dll+0x835e84]
V  [jvm.dll+0x83762e]
V  [jvm.dll+0x837c93]
V  [jvm.dll+0x24746f]
V  [jvm.dll+0x831f1b]
V  [jvm.dll+0x61d3c6]
V  [jvm.dll+0x61d42a]
V  [jvm.dll+0x61fc5a]
V  [jvm.dll+0x61dd66]
V  [jvm.dll+0x627c47]
V  [jvm.dll+0x1eb90b]
V  [jvm.dll+0x1ebe45]
V  [jvm.dll+0x1ec87f]
V  [jvm.dll+0x1e1d21]
V  [jvm.dll+0x53fba0]
V  [jvm.dll+0x1f2607]
V  [jvm.dll+0x7b06ab]
V  [jvm.dll+0x7b1a52]
V  [jvm.dll+0x7b21e9]
V  [jvm.dll+0x1ecb34]
V  [jvm.dll+0x1e1d3a]
V  [jvm.dll+0x53fba0]
V  [jvm.dll+0x1f2607]
V  [jvm.dll+0x7b06ab]
V  [jvm.dll+0x7b1a52]
V  [jvm.dll+0x7b21e9]
V  [jvm.dll+0x1ecb34]
V  [jvm.dll+0x1e1d3a]
V  [jvm.dll+0x53fba0]
V  [jvm.dll+0x1f2607]
V  [jvm.dll+0x7b06ab]
V  [jvm.dll+0x7b1a52]
V  [jvm.dll+0x7b1d88]
V  [jvm.dll+0x40e129]
V  [jvm.dll+0x3d8c45]
C  [awt.dll+0xd9e78]

Java frames: (J=compiled Java code, j=interpreted, Vv=VM code)
j  sun.awt.Win32GraphicsConfig.getBounds(I)Ljava/awt/Rectangle;+0 java.desktop@17.0.8
j  sun.awt.Win32GraphicsConfig.getBounds()Ljava/awt/Rectangle;+8 java.desktop@17.0.8
j  java.awt.Window.init(Ljava/awt/GraphicsConfiguration;)V+81 java.desktop@17.0.8
j  java.awt.Window.<init>()V+124 java.desktop@17.0.8
j  java.awt.Frame.<init>(Ljava/lang/String;)V+1 java.desktop@17.0.8
j  java.awt.Frame.<init>()V+3 java.desktop@17.0.8
j  javax.swing.JFrame.<init>()V+1 java.desktop@17.0.8
j  bank.management.system.Transactions.<init>()V+1
j  bank.management.system.Transactions.main([Ljava/lang/String;)V+4
v  ~StubRoutines::call_stub

---------------  P R O C E S S  ---------------

Threads class SMR info:
_java_thread_list=0x000001ece7ddadb0, length=15, elements={
0x000001ecfef78060, 0x000001eca1f78970, 0x000001eca1f797f0, 0x000001eca1f88e60,
0x000001eca1f8ad50, 0x000001eca1f8db20, 0x000001eca1f8e4e0, 0x000001ece71003b0,
0x000001ece7100e60, 0x000001ece7103870, 0x000001eca1f61d60, 0x000001ece7289c10,
0x000001ece74561e0, 0x000001ece74566c0, 0x000001ece7456ba0
}

Java Threads: ( => current thread )
=>0x000001ecfef78060 JavaThread "main" [_thread_in_vm, id=31580, stack(0x0000007bf4b00000,0x0000007bf4c00000)]
  0x000001eca1f78970 JavaThread "Reference Handler" daemon [_thread_blocked, id=15160, stack(0x0000007bf5200000,0x0000007bf5300000)]
  0x000001eca1f797f0 JavaThread "Finalizer" daemon [_thread_blocked, id=25272, stack(0x0000007bf5300000,0x0000007bf5400000)]
  0x000001eca1f88e60 JavaThread "Signal Dispatcher" daemon [_thread_blocked, id=25892, stack(0x0000007bf5400000,0x0000007bf5500000)]
  0x000001eca1f8ad50 JavaThread "Attach Listener" daemon [_thread_blocked, id=30560, stack(0x0000007bf5500000,0x0000007bf5600000)]
  0x000001eca1f8db20 JavaThread "Service Thread" daemon [_thread_blocked, id=24416, stack(0x0000007bf5600000,0x0000007bf5700000)]
  0x000001eca1f8e4e0 JavaThread "Monitor Deflation Thread" daemon [_thread_blocked, id=28500, stack(0x0000007bf5700000,0x0000007bf5800000)]
  0x000001ece71003b0 JavaThread "C2 CompilerThread0" daemon [_thread_blocked, id=29348, stack(0x0000007bf5800000,0x0000007bf5900000)]
  0x000001ece7100e60 JavaThread "C1 CompilerThread0" daemon [_thread_blocked, id=15632, stack(0x0000007bf5900000,0x0000007bf5a00000)]
  0x000001ece7103870 JavaThread "Sweeper thread" daemon [_thread_blocked, id=17128, stack(0x0000007bf5a00000,0x0000007bf5b00000)]
  0x000001eca1f61d60 JavaThread "Common-Cleaner" daemon [_thread_blocked, id=12192, stack(0x0000007bf5b00000,0x0000007bf5c00000)]
  0x000001ece7289c10 JavaThread "Notification Thread" daemon [_thread_blocked, id=30928, stack(0x0000007bf5d00000,0x0000007bf5e00000)]
  0x000001ece74561e0 JavaThread "Java2D Disposer" daemon [_thread_blocked, id=30444, stack(0x0000007bf5f00000,0x0000007bf6000000)]
  0x000001ece74566c0 JavaThread "AWT-Shutdown" [_thread_blocked, id=30468, stack(0x0000007bf6000000,0x0000007bf6100000)]
  0x000001ece7456ba0 JavaThread "AWT-Windows" daemon [_thread_in_native, id=29772, stack(0x0000007bf6100000,0x0000007bf6200000)]

Other Threads:
  0x000001eca1f72b40 VMThread "VM Thread" [stack: 0x0000007bf5100000,0x0000007bf5200000] [id=22848]
  0x000001ecff015c70 WatcherThread [stack: 0x0000007bf5e00000,0x0000007bf5f00000] [id=11684]
  0x000001ecfefdfb70 GCTaskThread "GC Thread#0" [stack: 0x0000007bf4c00000,0x0000007bf4d00000] [id=31060]
  0x000001ecfeff08d0 ConcurrentGCThread "G1 Main Marker" [stack: 0x0000007bf4d00000,0x0000007bf4e00000] [id=21516]
  0x000001ecfeff12e0 ConcurrentGCThread "G1 Conc#0" [stack: 0x0000007bf4e00000,0x0000007bf4f00000] [id=21716]
  0x000001ecff02e580 ConcurrentGCThread "G1 Refine#0" [stack: 0x0000007bf4f00000,0x0000007bf5000000] [id=17868]
  0x000001eca1e30150 ConcurrentGCThread "G1 Service" [stack: 0x0000007bf5000000,0x0000007bf5100000] [id=27380]

Threads with active compile tasks:

VM state: not at safepoint (normal execution)

VM Mutex/Monitor currently owned by a thread:  ([mutex/lock_event])
[0x000001ecfef71680] Metaspace_lock - owner thread: 0x000001ecfef78060

Heap address: 0x0000000701e00000, size: 4066 MB, Compressed Oops mode: Zero based, Oop shift amount: 3

CDS archive(s) mapped at: [0x000001eca2000000-0x000001eca2bd0000-0x000001eca2bd0000), size 12386304, SharedBaseAddress: 0x000001eca2000000, ArchiveRelocationMode: 1.
Compressed class space mapped at: 0x000001eca3000000-0x000001ece3000000, reserved size: 1073741824
Narrow klass base: 0x000001eca2000000, Narrow klass shift: 0, Narrow klass range: 0x100000000

GC Precious Log:
 CPUs: 8 total, 8 available
 Memory: 16263M
 Large Page Support: Disabled
 NUMA Support: Disabled
 Compressed Oops: Enabled (Zero based)
 Heap Region Size: 2M
 Heap Min Capacity: 8M
 Heap Initial Capacity: 256M
 Heap Max Capacity: 4066M
 Pre-touch: Disabled
 Parallel Workers: 8
 Concurrent Workers: 2
 Concurrent Refinement Workers: 8
 Periodic GC: Disabled

Heap:
 garbage-first heap   total 262144K, used 2048K [0x0000000701e00000, 0x0000000800000000)
  region size 2048K, 2 young (4096K), 0 survivors (0K)
 Metaspace       used 2734K, committed 2816K, reserved 1114112K
  class space    used 258K, committed 320K, reserved 1048576K

Heap Regions: E=young(eden), S=young(survivor), O=old, HS=humongous(starts), HC=humongous(continues), CS=collection set, F=free, OA=open archive, CA=closed archive, TAMS=top-at-mark-start (previous, next)
|   0|0x0000000701e00000, 0x0000000701e00000, 0x0000000702000000|  0%| F|  |TAMS 0x0000000701e00000, 0x0000000701e00000| Untracked 
|   1|0x0000000702000000, 0x0000000702000000, 0x0000000702200000|  0%| F|  |TAMS 0x0000000702000000, 0x0000000702000000| Untracked 
|   2|0x0000000702200000, 0x0000000702200000, 0x0000000702400000|  0%| F|  |TAMS 0x0000000702200000, 0x0000000702200000| Untracked 
|   3|0x0000000702400000, 0x0000000702400000, 0x0000000702600000|  0%| F|  |TAMS 0x0000000702400000, 0x0000000702400000| Untracked 
|   4|0x0000000702600000, 0x0000000702600000, 0x0000000702800000|  0%| F|  |TAMS 0x0000000702600000, 0x0000000702600000| Untracked 
|   5|0x0000000702800000, 0x0000000702800000, 0x0000000702a00000|  0%| F|  |TAMS 0x0000000702800000, 0x0000000702800000| Untracked 
|   6|0x0000000702a00000, 0x0000000702a00000, 0x0000000702c00000|  0%| F|  |TAMS 0x0000000702a00000, 0x0000000702a00000| Untracked 
|   7|0x0000000702c00000, 0x0000000702c00000, 0x0000000702e00000|  0%| F|  |TAMS 0x0000000702c00000, 0x0000000702c00000| Untracked 
|   8|0x0000000702e00000, 0x0000000702e00000, 0x0000000703000000|  0%| F|  |TAMS 0x0000000702e00000, 0x0000000702e00000| Untracked 
|   9|0x0000000703000000, 0x0000000703000000, 0x0000000703200000|  0%| F|  |TAMS 0x0000000703000000, 0x0000000703000000| Untracked 
|  10|0x0000000703200000, 0x0000000703200000, 0x0000000703400000|  0%| F|  |TAMS 0x0000000703200000, 0x0000000703200000| Untracked 
|  11|0x0000000703400000, 0x0000000703400000, 0x0000000703600000|  0%| F|  |TAMS 0x0000000703400000, 0x0000000703400000| Untracked 
|  12|0x0000000703600000, 0x0000000703600000, 0x0000000703800000|  0%| F|  |TAMS 0x0000000703600000, 0x0000000703600000| Untracked 
|  13|0x0000000703800000, 0x0000000703800000, 0x0000000703a00000|  0%| F|  |TAMS 0x0000000703800000, 0x0000000703800000| Untracked 
|  14|0x0000000703a00000, 0x0000000703a00000, 0x0000000703c00000|  0%| F|  |TAMS 0x0000000703a00000, 0x0000000703a00000| Untracked 
|  15|0x0000000703c00000, 0x0000000703c00000, 0x0000000703e00000|  0%| F|  |TAMS 0x0000000703c00000, 0x0000000703c00000| Untracked 
|  16|0x0000000703e00000, 0x0000000703e00000, 0x0000000704000000|  0%| F|  |TAMS 0x0000000703e00000, 0x0000000703e00000| Untracked 
|  17|0x0000000704000000, 0x0000000704000000, 0x0000000704200000|  0%| F|  |TAMS 0x0000000704000000, 0x0000000704000000| Untracked 
|  18|0x0000000704200000, 0x0000000704200000, 0x0000000704400000|  0%| F|  |TAMS 0x0000000704200000, 0x0000000704200000| Untracked 
|  19|0x0000000704400000, 0x0000000704400000, 0x0000000704600000|  0%| F|  |TAMS 0x0000000704400000, 0x0000000704400000| Untracked 
|  20|0x0000000704600000, 0x0000000704600000, 0x0000000704800000|  0%| F|  |TAMS 0x0000000704600000, 0x0000000704600000| Untracked 
|  21|0x0000000704800000, 0x0000000704800000, 0x0000000704a00000|  0%| F|  |TAMS 0x0000000704800000, 0x0000000704800000| Untracked 
|  22|0x0000000704a00000, 0x0000000704a00000, 0x0000000704c00000|  0%| F|  |TAMS 0x0000000704a00000, 0x0000000704a00000| Untracked 
|  23|0x0000000704c00000, 0x0000000704c00000, 0x0000000704e00000|  0%| F|  |TAMS 0x0000000704c00000, 0x0000000704c00000| Untracked 
|  24|0x0000000704e00000, 0x0000000704e00000, 0x0000000705000000|  0%| F|  |TAMS 0x0000000704e00000, 0x0000000704e00000| Untracked 
|  25|0x0000000705000000, 0x0000000705000000, 0x0000000705200000|  0%| F|  |TAMS 0x0000000705000000, 0x0000000705000000| Untracked 
|  26|0x0000000705200000, 0x0000000705200000, 0x0000000705400000|  0%| F|  |TAMS 0x0000000705200000, 0x0000000705200000| Untracked 
|  27|0x0000000705400000, 0x0000000705400000, 0x0000000705600000|  0%| F|  |TAMS 0x0000000705400000, 0x0000000705400000| Untracked 
|  28|0x0000000705600000, 0x0000000705600000, 0x0000000705800000|  0%| F|  |TAMS 0x0000000705600000, 0x0000000705600000| Untracked 
|  29|0x0000000705800000, 0x0000000705800000, 0x0000000705a00000|  0%| F|  |TAMS 0x0000000705800000, 0x0000000705800000| Untracked 
|  30|0x0000000705a00000, 0x0000000705a00000, 0x0000000705c00000|  0%| F|  |TAMS 0x0000000705a00000, 0x0000000705a00000| Untracked 
|  31|0x0000000705c00000, 0x0000000705c00000, 0x0000000705e00000|  0%| F|  |TAMS 0x0000000705c00000, 0x0000000705c00000| Untracked 
|  32|0x0000000705e00000, 0x0000000705e00000, 0x0000000706000000|  0%| F|  |TAMS 0x0000000705e00000, 0x0000000705e00000| Untracked 
|  33|0x0000000706000000, 0x0000000706000000, 0x0000000706200000|  0%| F|  |TAMS 0x0000000706000000, 0x0000000706000000| Untracked 
|  34|0x0000000706200000, 0x0000000706200000, 0x0000000706400000|  0%| F|  |TAMS 0x0000000706200000, 0x0000000706200000| Untracked 
|  35|0x0000000706400000, 0x0000000706400000, 0x0000000706600000|  0%| F|  |TAMS 0x0000000706400000, 0x0000000706400000| Untracked 
|  36|0x0000000706600000, 0x0000000706600000, 0x0000000706800000|  0%| F|  |TAMS 0x0000000706600000, 0x0000000706600000| Untracked 
|  37|0x0000000706800000, 0x0000000706800000, 0x0000000706a00000|  0%| F|  |TAMS 0x0000000706800000, 0x0000000706800000| Untracked 
|  38|0x0000000706a00000, 0x0000000706a00000, 0x0000000706c00000|  0%| F|  |TAMS 0x0000000706a00000, 0x0000000706a00000| Untracked 
|  39|0x0000000706c00000, 0x0000000706c00000, 0x0000000706e00000|  0%| F|  |TAMS 0x0000000706c00000, 0x0000000706c00000| Untracked 
|  40|0x0000000706e00000, 0x0000000706e00000, 0x0000000707000000|  0%| F|  |TAMS 0x0000000706e00000, 0x0000000706e00000| Untracked 
|  41|0x0000000707000000, 0x0000000707000000, 0x0000000707200000|  0%| F|  |TAMS 0x0000000707000000, 0x0000000707000000| Untracked 
|  42|0x0000000707200000, 0x0000000707200000, 0x0000000707400000|  0%| F|  |TAMS 0x0000000707200000, 0x0000000707200000| Untracked 
|  43|0x0000000707400000, 0x0000000707400000, 0x0000000707600000|  0%| F|  |TAMS 0x0000000707400000, 0x0000000707400000| Untracked 
|  44|0x0000000707600000, 0x0000000707600000, 0x0000000707800000|  0%| F|  |TAMS 0x0000000707600000, 0x0000000707600000| Untracked 
|  45|0x0000000707800000, 0x0000000707800000, 0x0000000707a00000|  0%| F|  |TAMS 0x0000000707800000, 0x0000000707800000| Untracked 
|  46|0x0000000707a00000, 0x0000000707a00000, 0x0000000707c00000|  0%| F|  |TAMS 0x0000000707a00000, 0x0000000707a00000| Untracked 
|  47|0x0000000707c00000, 0x0000000707c00000, 0x0000000707e00000|  0%| F|  |TAMS 0x0000000707c00000, 0x0000000707c00000| Untracked 
|  48|0x0000000707e00000, 0x0000000707e00000, 0x0000000708000000|  0%| F|  |TAMS 0x0000000707e00000, 0x0000000707e00000| Untracked 
|  49|0x0000000708000000, 0x0000000708000000, 0x0000000708200000|  0%| F|  |TAMS 0x0000000708000000, 0x0000000708000000| Untracked 
|  50|0x0000000708200000, 0x0000000708200000, 0x0000000708400000|  0%| F|  |TAMS 0x0000000708200000, 0x0000000708200000| Untracked 
|  51|0x0000000708400000, 0x0000000708400000, 0x0000000708600000|  0%| F|  |TAMS 0x0000000708400000, 0x0000000708400000| Untracked 
|  52|0x0000000708600000, 0x0000000708600000, 0x0000000708800000|  0%| F|  |TAMS 0x0000000708600000, 0x0000000708600000| Untracked 
|  53|0x0000000708800000, 0x0000000708800000, 0x0000000708a00000|  0%| F|  |TAMS 0x0000000708800000, 0x0000000708800000| Untracked 
|  54|0x0000000708a00000, 0x0000000708a00000, 0x0000000708c00000|  0%| F|  |TAMS 0x0000000708a00000, 0x0000000708a00000| Untracked 
|  55|0x0000000708c00000, 0x0000000708c00000, 0x0000000708e00000|  0%| F|  |TAMS 0x0000000708c00000, 0x0000000708c00000| Untracked 
|  56|0x0000000708e00000, 0x0000000708e00000, 0x0000000709000000|  0%| F|  |TAMS 0x0000000708e00000, 0x0000000708e00000| Untracked 
|  57|0x0000000709000000, 0x0000000709000000, 0x0000000709200000|  0%| F|  |TAMS 0x0000000709000000, 0x0000000709000000| Untracked 
|  58|0x0000000709200000, 0x0000000709200000, 0x0000000709400000|  0%| F|  |TAMS 0x0000000709200000, 0x0000000709200000| Untracked 
|  59|0x0000000709400000, 0x0000000709400000, 0x0000000709600000|  0%| F|  |TAMS 0x0000000709400000, 0x0000000709400000| Untracked 
|  60|0x0000000709600000, 0x0000000709600000, 0x0000000709800000|  0%| F|  |TAMS 0x0000000709600000, 0x0000000709600000| Untracked 
|  61|0x0000000709800000, 0x0000000709800000, 0x0000000709a00000|  0%| F|  |TAMS 0x0000000709800000, 0x0000000709800000| Untracked 
|  62|0x0000000709a00000, 0x0000000709a00000, 0x0000000709c00000|  0%| F|  |TAMS 0x0000000709a00000, 0x0000000709a00000| Untracked 
|  63|0x0000000709c00000, 0x0000000709c00000, 0x0000000709e00000|  0%| F|  |TAMS 0x0000000709c00000, 0x0000000709c00000| Untracked 
|  64|0x0000000709e00000, 0x0000000709e00000, 0x000000070a000000|  0%| F|  |TAMS 0x0000000709e00000, 0x0000000709e00000| Untracked 
|  65|0x000000070a000000, 0x000000070a000000, 0x000000070a200000|  0%| F|  |TAMS 0x000000070a000000, 0x000000070a000000| Untracked 
|  66|0x000000070a200000, 0x000000070a200000, 0x000000070a400000|  0%| F|  |TAMS 0x000000070a200000, 0x000000070a200000| Untracked 
|  67|0x000000070a400000, 0x000000070a400000, 0x000000070a600000|  0%| F|  |TAMS 0x000000070a400000, 0x000000070a400000| Untracked 
|  68|0x000000070a600000, 0x000000070a600000, 0x000000070a800000|  0%| F|  |TAMS 0x000000070a600000, 0x000000070a600000| Untracked 
|  69|0x000000070a800000, 0x000000070a800000, 0x000000070aa00000|  0%| F|  |TAMS 0x000000070a800000, 0x000000070a800000| Untracked 
|  70|0x000000070aa00000, 0x000000070aa00000, 0x000000070ac00000|  0%| F|  |TAMS 0x000000070aa00000, 0x000000070aa00000| Untracked 
|  71|0x000000070ac00000, 0x000000070ac00000, 0x000000070ae00000|  0%| F|  |TAMS 0x000000070ac00000, 0x000000070ac00000| Untracked 
|  72|0x000000070ae00000, 0x000000070ae00000, 0x000000070b000000|  0%| F|  |TAMS 0x000000070ae00000, 0x000000070ae00000| Untracked 
|  73|0x000000070b000000, 0x000000070b000000, 0x000000070b200000|  0%| F|  |TAMS 0x000000070b000000, 0x000000070b000000| Untracked 
|  74|0x000000070b200000, 0x000000070b200000, 0x000000070b400000|  0%| F|  |TAMS 0x000000070b200000, 0x000000070b200000| Untracked 
|  75|0x000000070b400000, 0x000000070b400000, 0x000000070b600000|  0%| F|  |TAMS 0x000000070b400000, 0x000000070b400000| Untracked 
|  76|0x000000070b600000, 0x000000070b600000, 0x000000070b800000|  0%| F|  |TAMS 0x000000070b600000, 0x000000070b600000| Untracked 
|  77|0x000000070b800000, 0x000000070b800000, 0x000000070ba00000|  0%| F|  |TAMS 0x000000070b800000, 0x000000070b800000| Untracked 
|  78|0x000000070ba00000, 0x000000070ba00000, 0x000000070bc00000|  0%| F|  |TAMS 0x000000070ba00000, 0x000000070ba00000| Untracked 
|  79|0x000000070bc00000, 0x000000070bc00000, 0x000000070be00000|  0%| F|  |TAMS 0x000000070bc00000, 0x000000070bc00000| Untracked 
|  80|0x000000070be00000, 0x000000070be00000, 0x000000070c000000|  0%| F|  |TAMS 0x000000070be00000, 0x000000070be00000| Untracked 
|  81|0x000000070c000000, 0x000000070c000000, 0x000000070c200000|  0%| F|  |TAMS 0x000000070c000000, 0x000000070c000000| Untracked 
|  82|0x000000070c200000, 0x000000070c200000, 0x000000070c400000|  0%| F|  |TAMS 0x000000070c200000, 0x000000070c200000| Untracked 
|  83|0x000000070c400000, 0x000000070c400000, 0x000000070c600000|  0%| F|  |TAMS 0x000000070c400000, 0x000000070c400000| Untracked 
|  84|0x000000070c600000, 0x000000070c600000, 0x000000070c800000|  0%| F|  |TAMS 0x000000070c600000, 0x000000070c600000| Untracked 
|  85|0x000000070c800000, 0x000000070c800000, 0x000000070ca00000|  0%| F|  |TAMS 0x000000070c800000, 0x000000070c800000| Untracked 
|  86|0x000000070ca00000, 0x000000070ca00000, 0x000000070cc00000|  0%| F|  |TAMS 0x000000070ca00000, 0x000000070ca00000| Untracked 
|  87|0x000000070cc00000, 0x000000070cc00000, 0x000000070ce00000|  0%| F|  |TAMS 0x000000070cc00000, 0x000000070cc00000| Untracked 
|  88|0x000000070ce00000, 0x000000070ce00000, 0x000000070d000000|  0%| F|  |TAMS 0x000000070ce00000, 0x000000070ce00000| Untracked 
|  89|0x000000070d000000, 0x000000070d000000, 0x000000070d200000|  0%| F|  |TAMS 0x000000070d000000, 0x000000070d000000| Untracked 
|  90|0x000000070d200000, 0x000000070d200000, 0x000000070d400000|  0%| F|  |TAMS 0x000000070d200000, 0x000000070d200000| Untracked 
|  91|0x000000070d400000, 0x000000070d400000, 0x000000070d600000|  0%| F|  |TAMS 0x000000070d400000, 0x000000070d400000| Untracked 
|  92|0x000000070d600000, 0x000000070d600000, 0x000000070d800000|  0%| F|  |TAMS 0x000000070d600000, 0x000000070d600000| Untracked 
|  93|0x000000070d800000, 0x000000070d800000, 0x000000070da00000|  0%| F|  |TAMS 0x000000070d800000, 0x000000070d800000| Untracked 
|  94|0x000000070da00000, 0x000000070da00000, 0x000000070dc00000|  0%| F|  |TAMS 0x000000070da00000, 0x000000070da00000| Untracked 
|  95|0x000000070dc00000, 0x000000070dc00000, 0x000000070de00000|  0%| F|  |TAMS 0x000000070dc00000, 0x000000070dc00000| Untracked 
|  96|0x000000070de00000, 0x000000070de00000, 0x000000070e000000|  0%| F|  |TAMS 0x000000070de00000, 0x000000070de00000| Untracked 
|  97|0x000000070e000000, 0x000000070e000000, 0x000000070e200000|  0%| F|  |TAMS 0x000000070e000000, 0x000000070e000000| Untracked 
|  98|0x000000070e200000, 0x000000070e200000, 0x000000070e400000|  0%| F|  |TAMS 0x000000070e200000, 0x000000070e200000| Untracked 
|  99|0x000000070e400000, 0x000000070e400000, 0x000000070e600000|  0%| F|  |TAMS 0x000000070e400000, 0x000000070e400000| Untracked 
| 100|0x000000070e600000, 0x000000070e600000, 0x000000070e800000|  0%| F|  |TAMS 0x000000070e600000, 0x000000070e600000| Untracked 
| 101|0x000000070e800000, 0x000000070e800000, 0x000000070ea00000|  0%| F|  |TAMS 0x000000070e800000, 0x000000070e800000| Untracked 
| 102|0x000000070ea00000, 0x000000070ea00000, 0x000000070ec00000|  0%| F|  |TAMS 0x000000070ea00000, 0x000000070ea00000| Untracked 
| 103|0x000000070ec00000, 0x000000070ec00000, 0x000000070ee00000|  0%| F|  |TAMS 0x000000070ec00000, 0x000000070ec00000| Untracked 
| 104|0x000000070ee00000, 0x000000070ee00000, 0x000000070f000000|  0%| F|  |TAMS 0x000000070ee00000, 0x000000070ee00000| Untracked 
| 105|0x000000070f000000, 0x000000070f000000, 0x000000070f200000|  0%| F|  |TAMS 0x000000070f000000, 0x000000070f000000| Untracked 
| 106|0x000000070f200000, 0x000000070f200000, 0x000000070f400000|  0%| F|  |TAMS 0x000000070f200000, 0x000000070f200000| Untracked 
| 107|0x000000070f400000, 0x000000070f400000, 0x000000070f600000|  0%| F|  |TAMS 0x000000070f400000, 0x000000070f400000| Untracked 
| 108|0x000000070f600000, 0x000000070f600000, 0x000000070f800000|  0%| F|  |TAMS 0x000000070f600000, 0x000000070f600000| Untracked 
| 109|0x000000070f800000, 0x000000070f800000, 0x000000070fa00000|  0%| F|  |TAMS 0x000000070f800000, 0x000000070f800000| Untracked 
| 110|0x000000070fa00000, 0x000000070fa00000, 0x000000070fc00000|  0%| F|  |TAMS 0x000000070fa00000, 0x000000070fa00000| Untracked 
| 111|0x000000070fc00000, 0x000000070fc00000, 0x000000070fe00000|  0%| F|  |TAMS 0x000000070fc00000, 0x000000070fc00000| Untracked 
| 112|0x000000070fe00000, 0x000000070fe00000, 0x0000000710000000|  0%| F|  |TAMS 0x000000070fe00000, 0x000000070fe00000| Untracked 
| 113|0x0000000710000000, 0x0000000710000000, 0x0000000710200000|  0%| F|  |TAMS 0x0000000710000000, 0x0000000710000000| Untracked 
| 114|0x0000000710200000, 0x0000000710200000, 0x0000000710400000|  0%| F|  |TAMS 0x0000000710200000, 0x0000000710200000| Untracked 
| 115|0x0000000710400000, 0x0000000710400000, 0x0000000710600000|  0%| F|  |TAMS 0x0000000710400000, 0x0000000710400000| Untracked 
| 116|0x0000000710600000, 0x0000000710600000, 0x0000000710800000|  0%| F|  |TAMS 0x0000000710600000, 0x0000000710600000| Untracked 
| 117|0x0000000710800000, 0x0000000710800000, 0x0000000710a00000|  0%| F|  |TAMS 0x0000000710800000, 0x0000000710800000| Untracked 
| 118|0x0000000710a00000, 0x0000000710a00000, 0x0000000710c00000|  0%| F|  |TAMS 0x0000000710a00000, 0x0000000710a00000| Untracked 
| 119|0x0000000710c00000, 0x0000000710c00000, 0x0000000710e00000|  0%| F|  |TAMS 0x0000000710c00000, 0x0000000710c00000| Untracked 
| 120|0x0000000710e00000, 0x0000000710e00000, 0x0000000711000000|  0%| F|  |TAMS 0x0000000710e00000, 0x0000000710e00000| Untracked 
| 121|0x0000000711000000, 0x0000000711000000, 0x0000000711200000|  0%| F|  |TAMS 0x0000000711000000, 0x0000000711000000| Untracked 
| 122|0x0000000711200000, 0x0000000711200000, 0x0000000711400000|  0%| F|  |TAMS 0x0000000711200000, 0x0000000711200000| Untracked 
| 123|0x0000000711400000, 0x0000000711400000, 0x0000000711600000|  0%| F|  |TAMS 0x0000000711400000, 0x0000000711400000| Untracked 
| 124|0x0000000711600000, 0x0000000711600000, 0x0000000711800000|  0%| F|  |TAMS 0x0000000711600000, 0x0000000711600000| Untracked 
| 125|0x0000000711800000, 0x0000000711800000, 0x0000000711a00000|  0%| F|  |TAMS 0x0000000711800000, 0x0000000711800000| Untracked 
| 126|0x0000000711a00000, 0x0000000711bc3178, 0x0000000711c00000| 88%| E|  |TAMS 0x0000000711a00000, 0x0000000711a00000| Complete 
| 127|0x0000000711c00000, 0x0000000711e00000, 0x0000000711e00000|100%| E|CS|TAMS 0x0000000711c00000, 0x0000000711c00000| Complete 

Card table byte_map: [0x000001ec96a30000,0x000001ec97230000] _byte_map_base: 0x000001ec93221000

Marking Bits (Prev, Next): (CMBitMap*) 0x000001ecfefe0190, (CMBitMap*) 0x000001ecfefe01d0
 Prev Bits: [0x000001ec97a30000, 0x000001ec9b9b8000)
 Next Bits: [0x000001ec9b9c0000, 0x000001ec9f948000)

Polling page: 0x000001ecfe730000

Metaspace:

Usage:
  Non-class:      2.42 MB used.
      Class:    258.69 KB used.
       Both:      2.67 MB used.

Virtual space:
  Non-class space:       64.00 MB reserved,       2.44 MB (  4%) committed,  1 nodes.
      Class space:        1.00 GB reserved,     320.00 KB ( <1%) committed,  1 nodes.
             Both:        1.06 GB reserved,       2.75 MB ( <1%) committed. 

Chunk freelists:
   Non-Class:  11.94 MB
       Class:  15.71 MB
        Both:  27.66 MB

MaxMetaspaceSize: unlimited
CompressedClassSpaceSize: 1.00 GB
Initial GC threshold: 21.00 MB
Current GC threshold: 21.00 MB
CDS: on
MetaspaceReclaimPolicy: balanced
 - commit_granule_bytes: 65536.
 - commit_granule_words: 8192.
 - virtual_space_node_default_size: 8388608.
 - enlarge_chunks_in_place: 1.
 - new_chunks_are_fully_committed: 0.
 - uncommit_free_chunks: 1.
 - use_allocation_guard: 0.
 - handle_deallocations: 1.


Internal statistics:

num_allocs_failed_limit: 0.
num_arena_births: 58.
num_arena_deaths: 0.
num_vsnodes_births: 2.
num_vsnodes_deaths: 0.
num_space_committed: 44.
num_space_uncommitted: 0.
num_chunks_returned_to_freelist: 0.
num_chunks_taken_from_freelist: 67.
num_chunk_merges: 0.
num_chunk_splits: 43.
num_chunks_enlarged: 20.
num_inconsistent_stats: 0.

CodeHeap 'non-profiled nmethods': size=120000Kb used=124Kb max_used=124Kb free=119876Kb
 bounds [0x000001ec8f500000, 0x000001ec8f770000, 0x000001ec96a30000]
CodeHeap 'profiled nmethods': size=120000Kb used=454Kb max_used=454Kb free=119545Kb
 bounds [0x000001ec87a30000, 0x000001ec87ca0000, 0x000001ec8ef60000]
CodeHeap 'non-nmethods': size=5760Kb used=1169Kb max_used=1184Kb free=4590Kb
 bounds [0x000001ec8ef60000, 0x000001ec8f1d0000, 0x000001ec8f500000]
 total_blobs=813 nmethods=352 adapters=374
 compilation: enabled
              stopped_count=0, restarted_count=0
 full_count=0

Compilation events (20 events):
Event: 0.627 Thread 0x000001ece7100e60 nmethod 340 0x000001ec87a9c190 code [0x000001ec87a9c340, 0x000001ec87a9c5c8]
Event: 0.627 Thread 0x000001ece7100e60  343       3       sun.invoke.util.VerifyAccess::isSamePackage (37 bytes)
Event: 0.629 Thread 0x000001ece7100e60 nmethod 343 0x000001ec87a9c690 code [0x000001ec87a9c9a0, 0x000001ec87a9de38]
Event: 0.629 Thread 0x000001ece7100e60  344       3       jdk.internal.util.ArraysSupport::newLength (27 bytes)
Event: 0.629 Thread 0x000001ece7100e60 nmethod 344 0x000001ec87a9e410 code [0x000001ec87a9e5c0, 0x000001ec87a9e828]
Event: 0.630 Thread 0x000001ece7100e60  345       3       java.util.concurrent.ConcurrentHashMap$BaseIterator::hasNext (13 bytes)
Event: 0.630 Thread 0x000001ece7100e60 nmethod 345 0x000001ec87a9e910 code [0x000001ec87a9eaa0, 0x000001ec87a9ec18]
Event: 0.631 Thread 0x000001ece71003b0 nmethod 342 0x000001ec8f51e190 code [0x000001ec8f51e340, 0x000001ec8f51e6f8]
Event: 0.643 Thread 0x000001ece7100e60  347       3       java.lang.invoke.MethodType::insertParameterTypes (121 bytes)
Event: 0.643 Thread 0x000001ece7100e60 nmethod 347 0x000001ec87a9ec90 code [0x000001ec87a9ef60, 0x000001ec87a9fd68]
Event: 0.643 Thread 0x000001ece7100e60  346       3       java.lang.invoke.MethodType::erase (8 bytes)
Event: 0.644 Thread 0x000001ece7100e60 nmethod 346 0x000001ec87aa0290 code [0x000001ec87aa0420, 0x000001ec87aa0558]
Event: 0.644 Thread 0x000001ece7100e60  348       3       java.lang.invoke.MemberName$Factory::resolveOrFail (79 bytes)
Event: 0.644 Thread 0x000001ece7100e60 nmethod 348 0x000001ec87aa0610 code [0x000001ec87aa0820, 0x000001ec87aa0fb8]
Event: 1.107 Thread 0x000001ece71003b0  350       4       java.lang.invoke.MethodType::parameterType (7 bytes)
Event: 1.108 Thread 0x000001ece7100e60  351       3       java.lang.invoke.LambdaForm::forceInterpretation (14 bytes)
Event: 1.108 Thread 0x000001ece7100e60 nmethod 351 0x000001ec87aa1290 code [0x000001ec87aa1420, 0x000001ec87aa1598]
Event: 1.108 Thread 0x000001ece7100e60  352       3       java.util.concurrent.ConcurrentHashMap$ValueIterator::next (34 bytes)
Event: 1.108 Thread 0x000001ece71003b0 nmethod 350 0x000001ec8f51ed10 code [0x000001ec8f51ee80, 0x000001ec8f51ef38]
Event: 1.108 Thread 0x000001ece7100e60 nmethod 352 0x000001ec87aa1610 code [0x000001ec87aa17c0, 0x000001ec87aa1a38]

GC Heap History (0 events):
No events

Dll operation events (7 events):
Event: 0.010 Loaded shared library C:\Users\Yash\AppData\Local\Programs\Eclipse Adoptium\jdk-17.0.8.7-hotspot\bin\java.dll
Event: 0.446 Loaded shared library C:\Users\Yash\AppData\Local\Programs\Eclipse Adoptium\jdk-17.0.8.7-hotspot\bin\jsvml.dll
Event: 0.488 Loaded shared library C:\Users\Yash\AppData\Local\Programs\Eclipse Adoptium\jdk-17.0.8.7-hotspot\bin\net.dll
Event: 0.491 Loaded shared library C:\Users\Yash\AppData\Local\Programs\Eclipse Adoptium\jdk-17.0.8.7-hotspot\bin\nio.dll
Event: 0.513 Loaded shared library C:\Users\Yash\AppData\Local\Programs\Eclipse Adoptium\jdk-17.0.8.7-hotspot\bin\zip.dll
Event: 0.540 Loaded shared library C:\Users\Yash\AppData\Local\Programs\Eclipse Adoptium\jdk-17.0.8.7-hotspot\bin\jimage.dll
Event: 0.557 Loaded shared library C:\Users\Yash\AppData\Local\Programs\Eclipse Adoptium\jdk-17.0.8.7-hotspot\bin\awt.dll

Deoptimization events (0 events):
No events

Classes unloaded (0 events):
No events

Classes redefined (0 events):
No events

Internal exceptions (8 events):
Event: 0.492 Thread 0x000001ecfef78060 Exception <a 'sun/nio/fs/WindowsException'{0x0000000711d26808}> (0x0000000711d26808) 
thrown [s\src\hotspot\share\prims\jni.cpp, line 516]
Event: 0.493 Thread 0x000001ecfef78060 Exception <a 'sun/nio/fs/WindowsException'{0x0000000711d26d38}> (0x0000000711d26d38) 
thrown [s\src\hotspot\share\prims\jni.cpp, line 516]
Event: 0.494 Thread 0x000001ecfef78060 Exception <a 'sun/nio/fs/WindowsException'{0x0000000711d29020}> (0x0000000711d29020) 
thrown [s\src\hotspot\share\prims\jni.cpp, line 516]
Event: 0.494 Thread 0x000001ecfef78060 Exception <a 'sun/nio/fs/WindowsException'{0x0000000711d29ab0}> (0x0000000711d29ab0) 
thrown [s\src\hotspot\share\prims\jni.cpp, line 516]
Event: 0.547 Thread 0x000001ecfef78060 Exception <a 'java/lang/ClassNotFoundException'{0x0000000711a68c58}: sun/awt/resources/spi/awtProvider> (0x0000000711a68c58) 
thrown [s\src\hotspot\share\classfile\systemDictionary.cpp, line 256]
Event: 0.570 Thread 0x000001ecfef78060 Exception <a 'java/io/FileNotFoundException'{0x0000000711abb468}> (0x0000000711abb468) 
thrown [s\src\hotspot\share\prims\jni.cpp, line 516]
Event: 0.577 Thread 0x000001ecfef78060 Exception <a 'java/io/FileNotFoundException'{0x0000000711ae85f0}> (0x0000000711ae85f0) 
thrown [s\src\hotspot\share\prims\jni.cpp, line 516]
Event: 0.624 Thread 0x000001ecfef78060 Exception <a 'java/lang/NoSuchMethodError'{0x0000000711b2cab0}: 'java.lang.Object java.lang.invoke.DirectMethodHandle$Holder.invokeStaticInit(java.lang.Object)'> (0x0000000711b2cab0) 
thrown [s\src\hotspot\share\interpreter\linkResolver.cpp, line 759]

VM Operations (2 events):
Event: 0.495 Executing VM operation: HandshakeAllThreads
Event: 0.495 Executing VM operation: HandshakeAllThreads done

Events (20 events):
Event: 1.107 loading class sun/java2d/d3d/D3DContext$D3DContextCaps
Event: 1.107 loading class sun/java2d/pipe/hw/ContextCapabilities
Event: 1.107 loading class sun/java2d/pipe/hw/ContextCapabilities done
Event: 1.107 loading class sun/java2d/d3d/D3DContext$D3DContextCaps done
Event: 1.107 Thread 0x000001ece7277690 Thread exited: 0x000001ece7277690
Event: 1.108 loading class sun/awt/Win32GraphicsConfig
Event: 1.108 loading class sun/awt/image/SurfaceManager$ProxiedGraphicsConfig
Event: 1.108 loading class sun/awt/image/SurfaceManager$ProxiedGraphicsConfig done
Event: 1.108 loading class java/awt/GraphicsConfiguration
Event: 1.108 loading class java/awt/GraphicsConfiguration done
Event: 1.108 loading class sun/awt/Win32GraphicsConfig done
Event: 1.108 loading class java/awt/BorderLayout
Event: 1.108 loading class java/awt/LayoutManager2
Event: 1.109 loading class java/awt/LayoutManager2 done
Event: 1.109 loading class java/awt/BorderLayout done
Event: 1.109 loading class java/awt/Rectangle
Event: 1.109 loading class java/awt/Shape
Event: 1.109 loading class java/awt/Shape done
Event: 1.109 loading class java/awt/geom/Rectangle2D
Event: 1.109 loading class java/awt/geom/RectangularShape


Dynamic libraries:
0x00007ff716ba0000 - 0x00007ff716bae000 	C:\Users\Yash\AppData\Local\Programs\Eclipse Adoptium\jdk-17.0.8.7-hotspot\bin\java.exe
0x00007ffd0e070000 - 0x00007ffd0e268000 	C:\Windows\SYSTEM32\ntdll.dll
0x00007ffd0c700000 - 0x00007ffd0c7bd000 	C:\Windows\System32\KERNEL32.DLL
0x00007ffd0bc90000 - 0x00007ffd0bf86000 	C:\Windows\System32\KERNELBASE.dll
0x00007ffd0b7e0000 - 0x00007ffd0b8e0000 	C:\Windows\System32\ucrtbase.dll
0x00007ffd01a20000 - 0x00007ffd01a39000 	C:\Users\Yash\AppData\Local\Programs\Eclipse Adoptium\jdk-17.0.8.7-hotspot\bin\VCRUNTIME140.dll
0x00007ffd02d10000 - 0x00007ffd02d27000 	C:\Users\Yash\AppData\Local\Programs\Eclipse Adoptium\jdk-17.0.8.7-hotspot\bin\jli.dll
0x00007ffd0cd50000 - 0x00007ffd0ceee000 	C:\Windows\System32\USER32.dll
0x00007ffd0b740000 - 0x00007ffd0b762000 	C:\Windows\System32\win32u.dll
0x00007ffce7bb0000 - 0x00007ffce7e4a000 	C:\Windows\WinSxS\amd64_microsoft.windows.common-controls_6595b64144ccf1df_6.0.19041.3636_none_60b6a03d71f818d5\COMCTL32.dll
0x00007ffd0d340000 - 0x00007ffd0d3de000 	C:\Windows\System32\msvcrt.dll
0x00007ffd0dd30000 - 0x00007ffd0dd5c000 	C:\Windows\System32\GDI32.dll
0x00007ffd0bb70000 - 0x00007ffd0bc8a000 	C:\Windows\System32\gdi32full.dll
0x00007ffd0bad0000 - 0x00007ffd0bb6d000 	C:\Windows\System32\msvcp_win.dll
0x00007ffd0dd60000 - 0x00007ffd0dd90000 	C:\Windows\System32\IMM32.DLL
0x00007ffd01a10000 - 0x00007ffd01a1c000 	C:\Users\Yash\AppData\Local\Programs\Eclipse Adoptium\jdk-17.0.8.7-hotspot\bin\vcruntime140_1.dll
0x00007ffcdd890000 - 0x00007ffcdd921000 	C:\Users\Yash\AppData\Local\Programs\Eclipse Adoptium\jdk-17.0.8.7-hotspot\bin\msvcp140.dll
0x00007ffc90760000 - 0x00007ffc913ac000 	C:\Users\Yash\AppData\Local\Programs\Eclipse Adoptium\jdk-17.0.8.7-hotspot\bin\server\jvm.dll
0x00007ffd0d3e0000 - 0x00007ffd0d493000 	C:\Windows\System32\ADVAPI32.dll
0x00007ffd0ccb0000 - 0x00007ffd0cd4f000 	C:\Windows\System32\sechost.dll
0x00007ffd0df00000 - 0x00007ffd0e026000 	C:\Windows\System32\RPCRT4.dll
0x00007ffd0bf90000 - 0x00007ffd0bfb7000 	C:\Windows\System32\bcrypt.dll
0x00007ffd022d0000 - 0x00007ffd022d9000 	C:\Windows\SYSTEM32\WSOCK32.dll
0x00007ffcfa0a0000 - 0x00007ffcfa0c7000 	C:\Windows\SYSTEM32\WINMM.dll
0x00007ffd0ac50000 - 0x00007ffd0ac9b000 	C:\Windows\SYSTEM32\POWRPROF.dll
0x00007ffd0dcc0000 - 0x00007ffd0dd2b000 	C:\Windows\System32\WS2_32.dll
0x00007ffcfdd20000 - 0x00007ffcfdd2a000 	C:\Windows\SYSTEM32\VERSION.dll
0x00007ffd0ab10000 - 0x00007ffd0ab22000 	C:\Windows\SYSTEM32\UMPDC.dll
0x00007ffd09f90000 - 0x00007ffd09fa2000 	C:\Windows\SYSTEM32\kernel.appcore.dll
0x00007ffd00c80000 - 0x00007ffd00c8a000 	C:\Users\Yash\AppData\Local\Programs\Eclipse Adoptium\jdk-17.0.8.7-hotspot\bin\jimage.dll
0x00007ffd06530000 - 0x00007ffd06714000 	C:\Windows\SYSTEM32\DBGHELP.DLL
0x00007ffcfd8f0000 - 0x00007ffcfd924000 	C:\Windows\SYSTEM32\dbgcore.DLL
0x00007ffd0ba40000 - 0x00007ffd0bac2000 	C:\Windows\System32\bcryptPrimitives.dll
0x00007ffcfc2a0000 - 0x00007ffcfc2c5000 	C:\Users\Yash\AppData\Local\Programs\Eclipse Adoptium\jdk-17.0.8.7-hotspot\bin\java.dll
0x00007ffcddca0000 - 0x00007ffcddd76000 	C:\Users\Yash\AppData\Local\Programs\Eclipse Adoptium\jdk-17.0.8.7-hotspot\bin\jsvml.dll
0x00007ffd0d570000 - 0x00007ffd0dcb5000 	C:\Windows\System32\SHELL32.dll
0x00007ffd06720000 - 0x00007ffd06ebb000 	C:\Windows\SYSTEM32\windows.storage.dll
0x00007ffd0cfd0000 - 0x00007ffd0d324000 	C:\Windows\System32\combase.dll
0x00007ffd0b090000 - 0x00007ffd0b0bd000 	C:\Windows\SYSTEM32\Wldp.dll
0x00007ffd0c390000 - 0x00007ffd0c43d000 	C:\Windows\System32\SHCORE.dll
0x00007ffd0dd90000 - 0x00007ffd0dde5000 	C:\Windows\System32\shlwapi.dll
0x00007ffd0b670000 - 0x00007ffd0b695000 	C:\Windows\SYSTEM32\profapi.dll
0x00007ffcfb740000 - 0x00007ffcfb759000 	C:\Users\Yash\AppData\Local\Programs\Eclipse Adoptium\jdk-17.0.8.7-hotspot\bin\net.dll
0x00007ffd00550000 - 0x00007ffd0065a000 	C:\Windows\SYSTEM32\WINHTTP.dll
0x00007ffd0ae70000 - 0x00007ffd0aeda000 	C:\Windows\system32\mswsock.dll
0x00007ffcfb4f0000 - 0x00007ffcfb505000 	C:\Users\Yash\AppData\Local\Programs\Eclipse Adoptium\jdk-17.0.8.7-hotspot\bin\nio.dll
0x00007ffcfb4d0000 - 0x00007ffcfb4e8000 	C:\Users\Yash\AppData\Local\Programs\Eclipse Adoptium\jdk-17.0.8.7-hotspot\bin\zip.dll
0x00007ffcddb10000 - 0x00007ffcddc9e000 	C:\Users\Yash\AppData\Local\Programs\Eclipse Adoptium\jdk-17.0.8.7-hotspot\bin\awt.dll
0x00007ffd0c620000 - 0x00007ffd0c6ed000 	C:\Windows\System32\OLEAUT32.dll
0x00007ffd055b0000 - 0x00007ffd05640000 	C:\Windows\SYSTEM32\apphelp.dll
0x00007ffd05ff0000 - 0x00007ffd0601f000 	C:\Windows\system32\DWMAPI.DLL
0x00007ffd056f0000 - 0x00007ffd0578e000 	C:\Windows\system32\uxtheme.dll
0x00007ffccf050000 - 0x00007ffccf175000 	C:\Windows\system32\opengl32.dll
0x00007ffccf2a0000 - 0x00007ffccf2cc000 	C:\Windows\SYSTEM32\GLU32.dll
0x00007ffd0c0c0000 - 0x00007ffd0c1d4000 	C:\Windows\System32\MSCTF.dll
0x00007ffd0c440000 - 0x00007ffd0c56b000 	C:\Windows\System32\ole32.dll
0x00007ffcffe60000 - 0x00007ffd0002d000 	C:\Windows\system32\d3d9.dll
0x00007ffcfa1d0000 - 0x00007ffcfa28e000 	C:\Windows\System32\DriverStore\FileRepository\nvbl.inf_amd64_104946ac97025119\nvldumdx.dll
0x00007ffd0b300000 - 0x00007ffd0b312000 	C:\Windows\SYSTEM32\msasn1.dll
0x00007ffcfdcc0000 - 0x00007ffcfdcf1000 	C:\Windows\SYSTEM32\cryptnet.dll
0x00007ffd0b8e0000 - 0x00007ffd0ba3d000 	C:\Windows\System32\CRYPT32.dll
0x00007ffcfddb0000 - 0x00007ffcfdef8000 	C:\Windows\SYSTEM32\drvstore.dll
0x00007ffd0b4d0000 - 0x00007ffd0b503000 	C:\Windows\SYSTEM32\devobj.dll
0x00007ffd0c070000 - 0x00007ffd0c0be000 	C:\Windows\System32\cfgmgr32.dll
0x00007ffd0b000000 - 0x00007ffd0b00c000 	C:\Windows\SYSTEM32\cryptbase.dll
0x00007ffd0b770000 - 0x00007ffd0b7d7000 	C:\Windows\System32\WINTRUST.DLL
0x00007ffd0c7c0000 - 0x00007ffd0c7dd000 	C:\Windows\System32\imagehlp.dll
0x00007ffd0b0d0000 - 0x00007ffd0b0e8000 	C:\Windows\SYSTEM32\CRYPTSP.dll
0x00007ffd0a750000 - 0x00007ffd0a784000 	C:\Windows\system32\rsaenh.dll
0x00007ffcc4990000 - 0x00007ffcc6f9a000 	C:\Windows\System32\DriverStore\FileRepository\nvbl.inf_amd64_104946ac97025119\nvd3dumx.dll

dbghelp: loaded successfully - version: 4.0.5 - missing functions: none
symbol engine: initialized successfully - sym options: 0x614 - pdb path: .;C:\Users\Yash\AppData\Local\Programs\Eclipse Adoptium\jdk-17.0.8.7-hotspot\bin;C:\Windows\SYSTEM32;C:\Windows\WinSxS\amd64_microsoft.windows.common-controls_6595b64144ccf1df_6.0.19041.3636_none_60b6a03d71f818d5;C:\Users\Yash\AppData\Local\Programs\Eclipse Adoptium\jdk-17.0.8.7-hotspot\bin\server;C:\Windows\System32\DriverStore\FileRepository\nvbl.inf_amd64_104946ac97025119

VM Arguments:
jvm_args: -Dfile.encoding=UTF-8 --module-path=D:\Practise Files\ATM Simulator\bank.management.system\build\classes 
java_command: bank.management.system.Transactions
java_class_path (initial): D:\Practise Files\ATM Simulator\jcalendar-tz-1.3.3-4.jar;D:\Practise Files\ATM Simulator\mysql-connector-java-8.0.28.jar;D:\Practise Files\ATM Simulator\bank.management.system\build\classes
Launcher Type: SUN_STANDARD

[Global flags]
     intx CICompilerCount                          = 4                                         {product} {ergonomic}
     uint ConcGCThreads                            = 2                                         {product} {ergonomic}
     uint G1ConcRefinementThreads                  = 8                                         {product} {ergonomic}
   size_t G1HeapRegionSize                         = 2097152                                   {product} {ergonomic}
    uintx GCDrainStackTargetSize                   = 64                                        {product} {ergonomic}
   size_t InitialHeapSize                          = 268435456                                 {product} {ergonomic}
   size_t MarkStackSize                            = 4194304                                   {product} {ergonomic}
   size_t MaxHeapSize                              = 4263510016                                {product} {ergonomic}
   size_t MaxNewSize                               = 2556428288                                {product} {ergonomic}
   size_t MinHeapDeltaBytes                        = 2097152                                   {product} {ergonomic}
   size_t MinHeapSize                              = 8388608                                   {product} {ergonomic}
    uintx NonNMethodCodeHeapSize                   = 5839372                                {pd product} {ergonomic}
    uintx NonProfiledCodeHeapSize                  = 122909434                              {pd product} {ergonomic}
    uintx ProfiledCodeHeapSize                     = 122909434                              {pd product} {ergonomic}
    uintx ReservedCodeCacheSize                    = 251658240                              {pd product} {ergonomic}
     bool SegmentedCodeCache                       = true                                      {product} {ergonomic}
   size_t SoftMaxHeapSize                          = 4263510016                             {manageable} {ergonomic}
     bool UseCompressedClassPointers               = true                           {product lp64_product} {ergonomic}
     bool UseCompressedOops                        = true                           {product lp64_product} {ergonomic}
     bool UseG1GC                                  = true                                      {product} {ergonomic}
     bool UseLargePagesIndividualAllocation        = false                                  {pd product} {ergonomic}

Logging:
Log output configuration:
 #0: stdout all=warning uptime,level,tags
 #1: stderr all=off uptime,level,tags

Environment Variables:
JAVA_HOME=C:\Users\Yash\AppData\Local\Programs\Eclipse Adoptium\jdk-17.0.8.7-hotspot\
PATH=C:\Program Files (x86)\NVIDIA Corporation\PhysX\Common;C:\Windows\system32;C:\Windows;C:\Windows\System32\Wbem;C:\Windows\System32\WindowsPowerShell\v1.0\;C:\Windows\System32\OpenSSH\;C:\Program Files (x86)\Intel\Intel(R) Management Engine Components\DAL;C:\Program Files\Intel\Intel(R) Management Engine Components\DAL;C:\Program Files (x86)\Microsoft SQL Server\110\Tools\Binn\;C:\Program Files\Microsoft SQL Server\110\Tools\Binn\;C:\Program Files\Microsoft SQL Server\110\DTS\Binn\;C:\Program Files\NVIDIA Corporation\NVIDIA NvDLISR;C:\Program Files\MySQL\MySQL Server 8.0\bin;C:\Users\Yash\AppData\Local\Programs\Eclipse Adoptium\jdk-17.0.8.7-hotspot\bin;C:\Program Files\MySQL\MySQL Shell 8.0\bin\;C:\Users\Yash\AppData\Local\Microsoft\WindowsApps;C:\Program Files\MySQL\MySQL Server 8.0\bin;;C:\Users\Yash\AppData\Local\Programs\Microsoft VS Code\bin
USERNAME=Yash
OS=Windows_NT
PROCESSOR_IDENTIFIER=Intel64 Family 6 Model 94 Stepping 3, GenuineIntel
TMP=C:\Users\Yash\AppData\Local\Temp
TEMP=C:\Users\Yash\AppData\Local\Temp



---------------  S Y S T E M  ---------------

OS:
 Windows 10 , 64 bit Build 19041 (10.0.19041.3636)
OS uptime: 2 days 7:15 hours
Hyper-V role detected

CPU: total 8 (initial active 8) (4 cores per cpu, 2 threads per core) family 6 model 94 stepping 3 microcode 0xf0, cx8, cmov, fxsr, ht, mmx, 3dnowpref, sse, sse2, sse3, ssse3, sse4.1, sse4.2, popcnt, lzcnt, tsc, tscinvbit, avx, avx2, aes, erms, clmul, bmi1, bmi2, rtm, adx, fma, vzeroupper, clflush, clflushopt, hv
Processor Information for all 8 processors :
  Max Mhz: 2592, Current Mhz: 2592, Mhz Limit: 2592

Memory: 4k page, system-wide physical 16263M (6473M free)
TotalPageFile size 46711M (AvailPageFile size 4M)
current process WorkingSet (physical memory assigned to process): 52M, peak: 53M
current process commit charge ("private bytes"): 356M, peak: 358M

vm_info: OpenJDK 64-Bit Server VM (17.0.8+7) for windows-amd64 JRE (17.0.8+7), built on Jul 18 2023 21:02:32 by "admin" with MS VC++ 16.7 (VS2019)

END.
